#
# There is insufficient memory for the Java Runtime Environment to continue.
# Native memory allocation (mmap) failed to map 56098816 bytes for committing reserved memory.
# Possible reasons:
#   The system is out of physical RAM or swap space
#   In 32 bit mode, the process size limit was hit
# Possible solutions:
#   Reduce memory load on the system
#   Increase physical memory or swap space
#   Check if swap backing store is full
#   Use 64 bit Java on a 64 bit OS
#   Decrease Java heap size (-Xmx/-Xms)
#   Decrease number of Java threads
#   Decrease Java thread stack sizes (-Xss)
#   Set larger code cache with -XX:ReservedCodeCacheSize=
# This output file may be truncated or incomplete.
#
#  Out of Memory Error (os_linux.cpp:2627), pid=23774, tid=0x00007ff0642db700
#
# JRE version: OpenJDK Runtime Environment (8.0_112-b06) (build 1.8.0_112-release-b06)
# Java VM: OpenJDK 64-Bit Server VM (25.112-b06 mixed mode linux-amd64 compressed oops)
# Failed to write core dump. Core dumps have been disabled. To enable core dumping, try "ulimit -c unlimited" before starting Java again
#

---------------  T H R E A D  ---------------

Current thread (0x00007ff060077800):  VMThread [stack: 0x00007ff0641db000,0x00007ff0642dc000] [id=23782]

Stack: [0x00007ff0641db000,0x00007ff0642dc000],  sp=0x00007ff0642da4b0,  free space=1021k
Native frames: (J=compiled Java code, j=interpreted, Vv=VM code, C=native code)
V  [libjvm.so+0x9e465d]  VMError::report_and_die()+0x15d
V  [libjvm.so+0x4b6ada]  report_vm_out_of_memory(char const*, int, unsigned long, VMErrorType, char const*)+0x8a
V  [libjvm.so+0x84c860]  os::pd_commit_memory(char*, unsigned long, unsigned long, bool)+0xf0
V  [libjvm.so+0x84737f]  os::commit_memory(char*, unsigned long, unsigned long, bool)+0x1f
V  [libjvm.so+0x8bd3db]  PSVirtualSpace::expand_by(unsigned long)+0x5b
V  [libjvm.so+0x8ae1bb]  PSOldGen::expand_by(unsigned long) [clone .part.109]+0x1b
V  [libjvm.so+0x8ae37b]  PSOldGen::expand(unsigned long) [clone .part.111]+0xdb
V  [libjvm.so+0x8aec58]  PSOldGen::resize(unsigned long)+0x188
V  [libjvm.so+0x8b426c]  PSParallelCompact::invoke_no_policy(bool)+0x97c
V  [libjvm.so+0x8b4579]  PSParallelCompact::invoke(bool)+0x59
V  [libjvm.so+0x446d63]  CollectedHeap::collect_as_vm_thread(GCCause::Cause)+0x143
V  [libjvm.so+0x9e5a91]  VM_CollectForMetadataAllocation::doit()+0x141
V  [libjvm.so+0x9ea537]  VM_Operation::evaluate()+0x47
V  [libjvm.so+0x9e8ff8]  VMThread::evaluate_operation(VM_Operation*)+0x2c8
V  [libjvm.so+0x9e9479]  VMThread::loop()+0x219
V  [libjvm.so+0x9e98c2]  VMThread::run()+0x72
V  [libjvm.so+0x849c82]  java_start(Thread*)+0xf2

VM_Operation (0x00007ff05023b2e0): CollectForMetadataAllocation, mode: safepoint, requested by thread 0x00007ff0600bd000


---------------  P R O C E S S  ---------------

Java Threads: ( => current thread )
  0x00007ff005053000 JavaThread "Cache update executor" [_thread_blocked, id=23807, stack(0x00007ff018ac4000,0x00007ff018bc5000)]
  0x00007ff004cfd000 JavaThread "File lock request listener" [_thread_in_native, id=23806, stack(0x00007ff01a17f000,0x00007ff01a280000)]
  0x00007ff004a8f800 JavaThread "process reaper" daemon [_thread_blocked, id=23802, stack(0x00007ff01a280000,0x00007ff01a2b9000)]
  0x00007ff060cc1800 JavaThread "pool-1-thread-1" [_thread_blocked, id=23800, stack(0x00007ff01ad33000,0x00007ff01ae34000)]
  0x00007ff00400f800 JavaThread "Stdin handler" [_thread_blocked, id=23799, stack(0x00007ff01ae34000,0x00007ff01af35000)]
  0x00007ff004009800 JavaThread "Asynchronous log dispatcher for DefaultDaemonConnection: socket connection from /127.0.0.1:38671 to /127.0.0.1:38368" [_thread_blocked, id=23798, stack(0x00007ff01af35000,0x00007ff01b036000)]
  0x00007ff008007000 JavaThread "Daemon worker" [_thread_blocked, id=23795, stack(0x00007ff01b036000,0x00007ff01b137000)]
  0x00007ff008004800 JavaThread "Cancel handler" [_thread_blocked, id=23794, stack(0x00007ff01b137000,0x00007ff01b238000)]
  0x00007ff008005800 JavaThread "Handler for socket connection from /127.0.0.1:38671 to /127.0.0.1:38368" [_thread_in_native, id=23793, stack(0x00007ff01b438000,0x00007ff01b539000)]
  0x00007ff010044800 JavaThread "Daemon" [_thread_blocked, id=23792, stack(0x00007ff01b539000,0x00007ff01b63a000)]
  0x00007ff060c73000 JavaThread "Incoming local TCP Connector on port 38671" [_thread_in_native, id=23791, stack(0x00007ff01b841000,0x00007ff01b942000)]
  0x00007ff0600c8800 JavaThread "Service Thread" daemon [_thread_blocked, id=23789, stack(0x00007ff05003b000,0x00007ff05013c000)]
  0x00007ff0600bd000 JavaThread "C1 CompilerThread2" daemon [_thread_blocked, id=23788, stack(0x00007ff05013c000,0x00007ff05023d000)]
  0x00007ff0600bb800 JavaThread "C2 CompilerThread1" daemon [_thread_blocked, id=23787, stack(0x00007ff05023d000,0x00007ff05033e000)]
  0x00007ff0600b8800 JavaThread "C2 CompilerThread0" daemon [_thread_blocked, id=23786, stack(0x00007ff05033e000,0x00007ff05043f000)]
  0x00007ff0600b7000 JavaThread "Signal Dispatcher" daemon [_thread_blocked, id=23785, stack(0x00007ff05043f000,0x00007ff050540000)]
  0x00007ff060083800 JavaThread "Finalizer" daemon [_thread_blocked, id=23784, stack(0x00007ff050eff000,0x00007ff051000000)]
  0x00007ff06007f000 JavaThread "Reference Handler" daemon [_thread_blocked, id=23783, stack(0x00007ff0640da000,0x00007ff0641db000)]
  0x00007ff06000a000 JavaThread "main" [_thread_blocked, id=23777, stack(0x00007ff069a76000,0x00007ff069b77000)]

Other Threads:
=>0x00007ff060077800 VMThread [stack: 0x00007ff0641db000,0x00007ff0642dc000] [id=23782]
  0x00007ff0600cb000 WatcherThread [stack: 0x00007ff048eff000,0x00007ff049000000] [id=23790]

VM state:at safepoint (normal execution)

VM Mutex/Monitor currently owned by a thread:  ([mutex/lock_event])
[0x00007ff060005c80] ExpandHeap_lock - owner thread: 0x00007ff060077800
[0x00007ff060006300] Threads_lock - owner thread: 0x00007ff060077800
[0x00007ff060006800] Heap_lock - owner thread: 0x00007ff0600bd000
[0x00007ff060006d80] MethodData_lock - owner thread: 0x00007ff0600bd000

Heap:
 PSYoungGen      total 150016K, used 0K [0x00000000e0000000, 0x00000000ecc80000, 0x0000000100000000)
  eden space 128000K, 0% used [0x00000000e0000000,0x00000000e0000000,0x00000000e7d00000)
  from space 22016K, 0% used [0x00000000e7d00000,0x00000000e7d00000,0x00000000e9280000)
  to   space 24064K, 0% used [0x00000000eb500000,0x00000000eb500000,0x00000000ecc80000)
 ParOldGen       total 107008K, used 34330K [0x00000000a0000000, 0x00000000a6880000, 0x00000000e0000000)
  object space 107008K, 32% used [0x00000000a0000000,0x00000000a2186890,0x00000000a6880000)
 Metaspace       used 57325K, capacity 59040K, committed 59160K, reserved 1099776K
  class space    used 7693K, capacity 8051K, committed 8112K, reserved 1048576K

Card table byte_map: [0x00007ff066606000,0x00007ff066907000] byte_map_base: 0x00007ff066106000

Marking Bits: (ParMarkBitMap*) 0x00007ff068f43340
 Begin Bits: [0x00007ff049000000, 0x00007ff04a800000)
 End Bits:   [0x00007ff04a800000, 0x00007ff04c000000)

Polling page: 0x00007ff069b95000

CodeCache: size=245760Kb used=22997Kb max_used=23002Kb free=222762Kb
 bounds [0x00007ff051000000, 0x00007ff052690000, 0x00007ff060000000]
 total_blobs=7905 nmethods=7135 adapters=682
 compilation: enabled

Compilation events (10 events):
Event: 16.514 Thread 0x00007ff0600bd000 nmethod 7989 0x00007ff05267ff90 code [0x00007ff052680120, 0x00007ff0526804f8]
Event: 16.514 Thread 0x00007ff0600bd000 7992       3       com.android.apkzlib.zip.ZipField::read (95 bytes)
Event: 16.515 Thread 0x00007ff0600bd000 nmethod 7992 0x00007ff05267e790 code [0x00007ff05267ea00, 0x00007ff05267f908]
Event: 16.515 Thread 0x00007ff0600bd000 7990       3       java.util.Calendar::complete (40 bytes)
Event: 16.515 Thread 0x00007ff0600bd000 nmethod 7990 0x00007ff05267e110 code [0x00007ff05267e2a0, 0x00007ff05267e698]
Event: 16.515 Thread 0x00007ff0600bd000 7991       3       com.android.apkzlib.zip.ZipFieldInvariantNonNegative::isValid (12 bytes)
Event: 16.515 Thread 0x00007ff0600bd000 nmethod 7991 0x00007ff05267dd50 code [0x00007ff05267dec0, 0x00007ff05267e070]
Event: 16.515 Thread 0x00007ff0600bd000 7993       3       com.google.common.base.Preconditions::checkState (17 bytes)
Event: 16.516 Thread 0x00007ff0600bd000 nmethod 7993 0x00007ff05267d650 code [0x00007ff05267d7e0, 0x00007ff05267db98]
Event: 16.516 Thread 0x00007ff0600bd000 7995       3       java.util.Calendar::get (10 bytes)

GC Heap History (10 events):
Event: 7.577 GC heap after
Heap after GC invocations=9 (full 2):
 PSYoungGen      total 93696K, used 0K [0x00000000e0000000, 0x00000000e8680000, 0x0000000100000000)
  eden space 83456K, 0% used [0x00000000e0000000,0x00000000e0000000,0x00000000e5180000)
  from space 10240K, 0% used [0x00000000e5180000,0x00000000e5180000,0x00000000e5b80000)
  to   space 11776K, 0% used [0x00000000e7b00000,0x00000000e7b00000,0x00000000e8680000)
 ParOldGen       total 107008K, used 17730K [0x00000000a0000000, 0x00000000a6880000, 0x00000000e0000000)
  object space 107008K, 16% used [0x00000000a0000000,0x00000000a1150ae8,0x00000000a6880000)
 Metaspace       used 34707K, capacity 35250K, committed 35496K, reserved 1079296K
  class space    used 4644K, capacity 4819K, committed 4912K, reserved 1048576K
}
Event: 8.910 GC heap before
{Heap before GC invocations=10 (full 2):
 PSYoungGen      total 93696K, used 83456K [0x00000000e0000000, 0x00000000e8680000, 0x0000000100000000)
  eden space 83456K, 100% used [0x00000000e0000000,0x00000000e5180000,0x00000000e5180000)
  from space 10240K, 0% used [0x00000000e5180000,0x00000000e5180000,0x00000000e5b80000)
  to   space 11776K, 0% used [0x00000000e7b00000,0x00000000e7b00000,0x00000000e8680000)
 ParOldGen       total 107008K, used 17730K [0x00000000a0000000, 0x00000000a6880000, 0x00000000e0000000)
  object space 107008K, 16% used [0x00000000a0000000,0x00000000a1150ae8,0x00000000a6880000)
 Metaspace       used 42011K, capacity 42860K, committed 43056K, reserved 1087488K
  class space    used 5635K, capacity 5861K, committed 5936K, reserved 1048576K
Event: 8.919 GC heap after
Heap after GC invocations=10 (full 2):
 PSYoungGen      total 121856K, used 9324K [0x00000000e0000000, 0x00000000e8500000, 0x0000000100000000)
  eden space 111616K, 0% used [0x00000000e0000000,0x00000000e0000000,0x00000000e6d00000)
  from space 10240K, 91% used [0x00000000e7b00000,0x00000000e841b398,0x00000000e8500000)
  to   space 12288K, 0% used [0x00000000e6d00000,0x00000000e6d00000,0x00000000e7900000)
 ParOldGen       total 107008K, used 17738K [0x00000000a0000000, 0x00000000a6880000, 0x00000000e0000000)
  object space 107008K, 16% used [0x00000000a0000000,0x00000000a1152ae8,0x00000000a6880000)
 Metaspace       used 42011K, capacity 42860K, committed 43056K, reserved 1087488K
  class space    used 5635K, capacity 5861K, committed 5936K, reserved 1048576K
}
Event: 10.984 GC heap before
{Heap before GC invocations=11 (full 2):
 PSYoungGen      total 121856K, used 120940K [0x00000000e0000000, 0x00000000e8500000, 0x0000000100000000)
  eden space 111616K, 100% used [0x00000000e0000000,0x00000000e6d00000,0x00000000e6d00000)
  from space 10240K, 91% used [0x00000000e7b00000,0x00000000e841b398,0x00000000e8500000)
  to   space 12288K, 0% used [0x00000000e6d00000,0x00000000e6d00000,0x00000000e7900000)
 ParOldGen       total 107008K, used 17738K [0x00000000a0000000, 0x00000000a6880000, 0x00000000e0000000)
  object space 107008K, 16% used [0x00000000a0000000,0x00000000a1152ae8,0x00000000a6880000)
 Metaspace       used 49479K, capacity 51056K, committed 51248K, reserved 1093632K
  class space    used 6765K, capacity 7101K, committed 7216K, reserved 1048576K
Event: 11.004 GC heap after
Heap after GC invocations=11 (full 2):
 PSYoungGen      total 123904K, used 12259K [0x00000000e0000000, 0x00000000ea280000, 0x0000000100000000)
  eden space 111616K, 0% used [0x00000000e0000000,0x00000000e0000000,0x00000000e6d00000)
  from space 12288K, 99% used [0x00000000e6d00000,0x00000000e78f8cd0,0x00000000e7900000)
  to   space 16384K, 0% used [0x00000000e9280000,0x00000000e9280000,0x00000000ea280000)
 ParOldGen       total 107008K, used 24124K [0x00000000a0000000, 0x00000000a6880000, 0x00000000e0000000)
  object space 107008K, 22% used [0x00000000a0000000,0x00000000a178f0f8,0x00000000a6880000)
 Metaspace       used 49479K, capacity 51056K, committed 51248K, reserved 1093632K
  class space    used 6765K, capacity 7101K, committed 7216K, reserved 1048576K
}
Event: 14.372 GC heap before
{Heap before GC invocations=12 (full 2):
 PSYoungGen      total 123904K, used 123875K [0x00000000e0000000, 0x00000000ea280000, 0x0000000100000000)
  eden space 111616K, 100% used [0x00000000e0000000,0x00000000e6d00000,0x00000000e6d00000)
  from space 12288K, 99% used [0x00000000e6d00000,0x00000000e78f8cd0,0x00000000e7900000)
  to   space 16384K, 0% used [0x00000000e9280000,0x00000000e9280000,0x00000000ea280000)
 ParOldGen       total 107008K, used 24124K [0x00000000a0000000, 0x00000000a6880000, 0x00000000e0000000)
  object space 107008K, 22% used [0x00000000a0000000,0x00000000a178f0f8,0x00000000a6880000)
 Metaspace       used 55356K, capacity 57102K, committed 57392K, reserved 1099776K
  class space    used 7485K, capacity 7868K, committed 7984K, reserved 1048576K
Event: 14.467 GC heap after
Heap after GC invocations=12 (full 2):
 PSYoungGen      total 144384K, used 16379K [0x00000000e0000000, 0x00000000eb080000, 0x0000000100000000)
  eden space 128000K, 0% used [0x00000000e0000000,0x00000000e0000000,0x00000000e7d00000)
  from space 16384K, 99% used [0x00000000e9280000,0x00000000ea27ec40,0x00000000ea280000)
  to   space 22016K, 0% used [0x00000000e7d00000,0x00000000e7d00000,0x00000000e9280000)
 ParOldGen       total 107008K, used 33598K [0x00000000a0000000, 0x00000000a6880000, 0x00000000e0000000)
  object space 107008K, 31% used [0x00000000a0000000,0x00000000a20cfa28,0x00000000a6880000)
 Metaspace       used 55356K, capacity 57102K, committed 57392K, reserved 1099776K
  class space    used 7485K, capacity 7868K, committed 7984K, reserved 1048576K
}
Event: 16.538 GC heap before
{Heap before GC invocations=13 (full 2):
 PSYoungGen      total 144384K, used 63411K [0x00000000e0000000, 0x00000000eb080000, 0x0000000100000000)
  eden space 128000K, 36% used [0x00000000e0000000,0x00000000e2dee338,0x00000000e7d00000)
  from space 16384K, 99% used [0x00000000e9280000,0x00000000ea27ec40,0x00000000ea280000)
  to   space 22016K, 0% used [0x00000000e7d00000,0x00000000e7d00000,0x00000000e9280000)
 ParOldGen       total 107008K, used 33598K [0x00000000a0000000, 0x00000000a6880000, 0x00000000e0000000)
  object space 107008K, 31% used [0x00000000a0000000,0x00000000a20cfa28,0x00000000a6880000)
 Metaspace       used 57327K, capacity 59046K, committed 59160K, reserved 1099776K
  class space    used 7693K, capacity 8052K, committed 8112K, reserved 1048576K
Event: 16.689 GC heap after
Heap after GC invocations=13 (full 2):
 PSYoungGen      total 150016K, used 20291K [0x00000000e0000000, 0x00000000ecc80000, 0x0000000100000000)
  eden space 128000K, 0% used [0x00000000e0000000,0x00000000e0000000,0x00000000e7d00000)
  from space 22016K, 92% used [0x00000000e7d00000,0x00000000e90d0dd8,0x00000000e9280000)
  to   space 24064K, 0% used [0x00000000eb500000,0x00000000eb500000,0x00000000ecc80000)
 ParOldGen       total 107008K, used 33606K [0x00000000a0000000, 0x00000000a6880000, 0x00000000e0000000)
  object space 107008K, 31% used [0x00000000a0000000,0x00000000a20d1a28,0x00000000a6880000)
 Metaspace       used 57327K, capacity 59046K, committed 59160K, reserved 1099776K
  class space    used 7693K, capacity 8052K, committed 8112K, reserved 1048576K
}
Event: 16.689 GC heap before
{Heap before GC invocations=14 (full 3):
 PSYoungGen      total 150016K, used 20291K [0x00000000e0000000, 0x00000000ecc80000, 0x0000000100000000)
  eden space 128000K, 0% used [0x00000000e0000000,0x00000000e0000000,0x00000000e7d00000)
  from space 22016K, 92% used [0x00000000e7d00000,0x00000000e90d0dd8,0x00000000e9280000)
  to   space 24064K, 0% used [0x00000000eb500000,0x00000000eb500000,0x00000000ecc80000)
 ParOldGen       total 107008K, used 33606K [0x00000000a0000000, 0x00000000a6880000, 0x00000000e0000000)
  object space 107008K, 31% used [0x00000000a0000000,0x00000000a20d1a28,0x00000000a6880000)
 Metaspace       used 57327K, capacity 59046K, committed 59160K, reserved 1099776K
  class space    used 7693K, capacity 8052K, committed 8112K, reserved 1048576K

Deoptimization events (10 events):
Event: 15.042 Thread 0x00007ff008007000 Uncommon trap: reason=bimorphic action=maybe_recompile pc=0x00007ff05251c56c method=com.sun.tools.javac.model.FilteredMemberList.unwanted(Lcom/sun/tools/javac/code/Symbol;)Z @ 5
Event: 15.124 Thread 0x00007ff008007000 Uncommon trap: reason=bimorphic action=maybe_recompile pc=0x00007ff0525818f0 method=com.sun.tools.javac.code.Types.isAssignable(Lcom/sun/tools/javac/code/Type;Lcom/sun/tools/javac/code/Type;Lcom/sun/tools/javac/util/Warner;)Z @ 13
Event: 15.125 Thread 0x00007ff008007000 Uncommon trap: reason=bimorphic action=maybe_recompile pc=0x00007ff0525818f0 method=com.sun.tools.javac.code.Types.isAssignable(Lcom/sun/tools/javac/code/Type;Lcom/sun/tools/javac/code/Type;Lcom/sun/tools/javac/util/Warner;)Z @ 13
Event: 15.125 Thread 0x00007ff008007000 Uncommon trap: reason=class_check action=maybe_recompile pc=0x00007ff05251e760 method=com.sun.tools.javac.comp.Attr.attribLazyConstantValue(Lcom/sun/tools/javac/comp/Env;Lcom/sun/tools/javac/tree/JCTree$JCVariableDecl;Lcom/sun/tools/javac/code/Type;)Ljava
Event: 15.125 Thread 0x00007ff008007000 Uncommon trap: reason=bimorphic action=maybe_recompile pc=0x00007ff0525818f0 method=com.sun.tools.javac.code.Types.isAssignable(Lcom/sun/tools/javac/code/Type;Lcom/sun/tools/javac/code/Type;Lcom/sun/tools/javac/util/Warner;)Z @ 13
Event: 15.125 Thread 0x00007ff008007000 Uncommon trap: reason=class_check action=maybe_recompile pc=0x00007ff05251e760 method=com.sun.tools.javac.comp.Attr.attribLazyConstantValue(Lcom/sun/tools/javac/comp/Env;Lcom/sun/tools/javac/tree/JCTree$JCVariableDecl;Lcom/sun/tools/javac/code/Type;)Ljava
Event: 15.125 Thread 0x00007ff008007000 Uncommon trap: reason=bimorphic action=maybe_recompile pc=0x00007ff0525818f0 method=com.sun.tools.javac.code.Types.isAssignable(Lcom/sun/tools/javac/code/Type;Lcom/sun/tools/javac/code/Type;Lcom/sun/tools/javac/util/Warner;)Z @ 13
Event: 15.125 Thread 0x00007ff008007000 Uncommon trap: reason=class_check action=maybe_recompile pc=0x00007ff05251e760 method=com.sun.tools.javac.comp.Attr.attribLazyConstantValue(Lcom/sun/tools/javac/comp/Env;Lcom/sun/tools/javac/tree/JCTree$JCVariableDecl;Lcom/sun/tools/javac/code/Type;)Ljava
Event: 15.125 Thread 0x00007ff008007000 Uncommon trap: reason=class_check action=maybe_recompile pc=0x00007ff05251e760 method=com.sun.tools.javac.comp.Attr.attribLazyConstantValue(Lcom/sun/tools/javac/comp/Env;Lcom/sun/tools/javac/tree/JCTree$JCVariableDecl;Lcom/sun/tools/javac/code/Type;)Ljava
Event: 15.994 Thread 0x00007ff008007000 Uncommon trap: reason=unstable_if action=reinterpret pc=0x00007ff051bb7160 method=com.sun.org.apache.xerces.internal.impl.XMLEntityScanner.scanQName(Lcom/sun/org/apache/xerces/internal/xni/QName;)Z @ 261

Internal exceptions (10 events):
Event: 10.434 Thread 0x00007ff008007000 Exception <a 'java/lang/ClassNotFoundException': org/gradle/platform/base/BinaryContainer_ImplCustomizer> (0x00000000e5e29128) thrown at [/ssd/Android/AOSP-openjdk/external/jetbrains/jdk/hotspot/src/share/vm/classfile/systemDictionary.cpp, line 210]
Event: 10.655 Thread 0x00007ff008007000 Exception <a 'java/lang/NoSuchMethodError': <clinit>> (0x00000000e64220c8) thrown at [/ssd/Android/AOSP-openjdk/external/jetbrains/jdk/hotspot/src/share/vm/prims/jni.cpp, line 1613]
Event: 10.656 Thread 0x00007ff008007000 Exception <a 'java/lang/NoSuchMethodError': <clinit>> (0x00000000e642f968) thrown at [/ssd/Android/AOSP-openjdk/external/jetbrains/jdk/hotspot/src/share/vm/prims/jni.cpp, line 1613]
Event: 10.665 Thread 0x00007ff008007000 Implicit null exception at 0x00007ff051a57af7 to 0x00007ff051a58329
Event: 10.666 Thread 0x00007ff008007000 Implicit null exception at 0x00007ff05194444c to 0x00007ff051946a19
Event: 10.682 Thread 0x00007ff008007000 Exception <a 'java/lang/NoSuchMethodError': <clinit>> (0x00000000e64e0b38) thrown at [/ssd/Android/AOSP-openjdk/external/jetbrains/jdk/hotspot/src/share/vm/prims/jni.cpp, line 1613]
Event: 10.684 Thread 0x00007ff008007000 Exception <a 'java/lang/NoSuchMethodError': <clinit>> (0x00000000e64f9890) thrown at [/ssd/Android/AOSP-openjdk/external/jetbrains/jdk/hotspot/src/share/vm/prims/jni.cpp, line 1613]
Event: 10.685 Thread 0x00007ff008007000 Exception <a 'java/lang/NoSuchMethodError': <clinit>> (0x00000000e64fb510) thrown at [/ssd/Android/AOSP-openjdk/external/jetbrains/jdk/hotspot/src/share/vm/prims/jni.cpp, line 1613]
Event: 11.830 Thread 0x00007ff008007000 Exception <a 'java/lang/NoSuchMethodError': java.lang.Object.lambda$negate$1(Ljava/lang/Object;)Z> (0x00000000e20d7bf8) thrown at [/ssd/Android/AOSP-openjdk/external/jetbrains/jdk/hotspot/src/share/vm/interpreter/linkResolver.cpp, line 582]
Event: 16.327 Thread 0x00007ff005053000 Exception <a 'java/lang/NoSuchMethodError': <clinit>> (0x00000000e1fa81e0) thrown at [/ssd/Android/AOSP-openjdk/external/jetbrains/jdk/hotspot/src/share/vm/prims/jni.cpp, line 1613]

Events (10 events):
Event: 16.510 loading class com/android/apkzlib/zip/StoredEntry done
Event: 16.510 loading class com/android/apkzlib/zip/StoredEntry
Event: 16.510 loading class com/android/apkzlib/zip/StoredEntry done
Event: 16.511 loading class com/android/apkzlib/zip/ProcessedAndRawByteSources
Event: 16.511 loading class com/android/apkzlib/zip/ProcessedAndRawByteSources done
Event: 16.512 loading class com/android/apkzlib/zip/StoredEntryType
Event: 16.512 loading class com/android/apkzlib/zip/StoredEntryType done
Event: 16.512 loading class com/android/apkzlib/zip/DataDescriptorType
Event: 16.512 loading class com/android/apkzlib/zip/DataDescriptorType done
Event: 16.516 Executing VM operation: CollectForMetadataAllocation


Dynamic libraries:
00400000-00401000 r-xp 00000000 08:11 1049013                            /usr/local/android-studio/jre/bin/java
00600000-00601000 r--p 00000000 08:11 1049013                            /usr/local/android-studio/jre/bin/java
00601000-00602000 rw-p 00001000 08:11 1049013                            /usr/local/android-studio/jre/bin/java
00e14000-00e35000 rw-p 00000000 00:00 0                                  [heap]
a0000000-a6880000 rw-p 00000000 00:00 0 
a9e00000-e0000000 ---p 00000000 00:00 0 
e0000000-ecc80000 rw-p 00000000 00:00 0 
ecc80000-100000000 ---p 00000000 00:00 0 
100000000-1007ec000 rw-p 00000000 00:00 0 
1007ec000-140000000 ---p 00000000 00:00 0 
7fefcfc00000-7fefcfdda000 rw-p 00000000 00:00 0 
7fefcfdda000-7fefcfe00000 ---p 00000000 00:00 0 
7fefcfe00000-7fefd0000000 rw-p 00000000 00:00 0 
7fefd0000000-7fefd0021000 rw-p 00000000 00:00 0 
7fefd0021000-7fefd4000000 ---p 00000000 00:00 0 
7fefd4000000-7fefd4021000 rw-p 00000000 00:00 0 
7fefd4021000-7fefd8000000 ---p 00000000 00:00 0 
7fefd8000000-7fefd8021000 rw-p 00000000 00:00 0 
7fefd8021000-7fefdc000000 ---p 00000000 00:00 0 
7fefdc000000-7fefdc021000 rw-p 00000000 00:00 0 
7fefdc021000-7fefe0000000 ---p 00000000 00:00 0 
7fefe0000000-7fefe0021000 rw-p 00000000 00:00 0 
7fefe0021000-7fefe4000000 ---p 00000000 00:00 0 
7fefe4000000-7fefe4021000 rw-p 00000000 00:00 0 
7fefe4021000-7fefe8000000 ---p 00000000 00:00 0 
7fefe8000000-7fefe8021000 rw-p 00000000 00:00 0 
7fefe8021000-7fefec000000 ---p 00000000 00:00 0 
7fefec000000-7fefec021000 rw-p 00000000 00:00 0 
7fefec021000-7feff0000000 ---p 00000000 00:00 0 
7feff0000000-7feff0021000 rw-p 00000000 00:00 0 
7feff0021000-7feff4000000 ---p 00000000 00:00 0 
7feff4000000-7feff4021000 rw-p 00000000 00:00 0 
7feff4021000-7feff8000000 ---p 00000000 00:00 0 
7feff8000000-7feff8021000 rw-p 00000000 00:00 0 
7feff8021000-7feffc000000 ---p 00000000 00:00 0 
7feffc000000-7feffc021000 rw-p 00000000 00:00 0 
7feffc021000-7ff000000000 ---p 00000000 00:00 0 
7ff000000000-7ff000021000 rw-p 00000000 00:00 0 
7ff000021000-7ff004000000 ---p 00000000 00:00 0 
7ff004000000-7ff005762000 rw-p 00000000 00:00 0 
7ff005762000-7ff008000000 ---p 00000000 00:00 0 
7ff008000000-7ff008021000 rw-p 00000000 00:00 0 
7ff008021000-7ff00c000000 ---p 00000000 00:00 0 
7ff00c000000-7ff00c021000 rw-p 00000000 00:00 0 
7ff00c021000-7ff010000000 ---p 00000000 00:00 0 
7ff010000000-7ff010077000 rw-p 00000000 00:00 0 
7ff010077000-7ff014000000 ---p 00000000 00:00 0 
7ff014000000-7ff014021000 rw-p 00000000 00:00 0 
7ff014021000-7ff018000000 ---p 00000000 00:00 0 
7ff0180be000-7ff0180c1000 ---p 00000000 00:00 0 
7ff0180c1000-7ff0181bf000 rw-p 00000000 00:00 0 
7ff0181bf000-7ff0181c2000 ---p 00000000 00:00 0 
7ff0181c2000-7ff0182c0000 rw-p 00000000 00:00 0 
7ff0182c0000-7ff0182c3000 ---p 00000000 00:00 0 
7ff0182c3000-7ff0183c1000 rw-p 00000000 00:00 0 
7ff0183c1000-7ff0183c4000 ---p 00000000 00:00 0 
7ff0183c4000-7ff0184c2000 rw-p 00000000 00:00 0 
7ff0184c2000-7ff0184c5000 ---p 00000000 00:00 0 
7ff0184c5000-7ff0187c3000 rw-p 00000000 00:00 0 
7ff0187c3000-7ff0187c6000 ---p 00000000 00:00 0 
7ff0187c6000-7ff018ac4000 rw-p 00000000 00:00 0 
7ff018ac4000-7ff018ac7000 ---p 00000000 00:00 0 
7ff018ac7000-7ff018dc5000 rw-p 00000000 00:00 0 
7ff018dc5000-7ff018fc5000 rw-p 00000000 00:00 0 
7ff018fc5000-7ff0191c5000 rw-p 00000000 00:00 0 
7ff0191c5000-7ff0193c5000 rw-p 00000000 00:00 0 
7ff0193c5000-7ff0193d8000 r--s 00344000 08:11 1049118                    /usr/local/android-studio/jre/jre/lib/resources.jar
7ff0193d8000-7ff0195d8000 rw-p 00000000 00:00 0 
7ff0195d8000-7ff0197d8000 rw-p 00000000 00:00 0 
7ff0197d8000-7ff0199d8000 rw-p 00000000 00:00 0 
7ff0199d8000-7ff019bd8000 rw-p 00000000 00:00 0 
7ff019bd8000-7ff019bd9000 r--s 00001000 08:11 1192376                    /home/shenjack/.gradle/caches/jars-2/7c4c8dw4bn3s8grc5kz09cv28jy9yn3/annotations-25.3.0.jar
7ff019bd9000-7ff019be1000 r--s 000a8000 08:11 1192375                    /home/shenjack/.gradle/caches/jars-2/lp0h431tl0554nh1vx6zomcvteflkp/lombok-ast-0.2.3.jar
7ff019be1000-7ff019bf5000 r--s 000b4000 08:11 1192374                    /home/shenjack/.gradle/caches/jars-2/igzbti8te04ygk32hg4q3ljfkkkzmlr/uast-162.2228.14.jar
7ff019bf5000-7ff019bf7000 r--s 0000d000 08:11 1192373                    /home/shenjack/.gradle/caches/jars-2/7pwz1bowgakb1eux9ezb56jlturgsyi/commons-codec-1.4.jar
7ff019bf7000-7ff019bf9000 r--s 0000d000 08:11 1192372                    /home/shenjack/.gradle/caches/jars-2/9dj1m0eyooi5qt13735vz8fpkl3cnfy/commons-logging-1.1.1.jar
7ff019bf9000-7ff019bfe000 r--s 00028000 08:11 1192371                    /home/shenjack/.gradle/caches/jars-2/62lv0fe9b3xbqe57f6ljy5upwi7mf6k/httpcore-4.1.jar
7ff019bfe000-7ff019c02000 r--s 0002f000 08:11 1192370                    /home/shenjack/.gradle/caches/jars-2/gsg5n52frsvw6sx0swqqe2hwijwdcf0/jimfs-1.1.jar
7ff019c02000-7ff019c03000 r--s 00004000 08:11 1192369                    /home/shenjack/.gradle/caches/jars-2/lxs252id0979odjrerlctkb26c2vj95/annotations-12.0.jar
7ff019c03000-7ff019c04000 r--s 00004000 08:11 1192368                    /home/shenjack/.gradle/caches/jars-2/9kn99dr0rulyl67sct1ephwcop56l61/asm-analysis-5.0.4.jar
7ff019c04000-7ff019c08000 r--s 00040000 08:11 1192367                    /home/shenjack/.gradle/caches/jars-2/h4gop7cox40tig0ckkhw1h8hl6tfcwm/lint-api-25.3.0.jar
7ff019c08000-7ff019c09000 r--s 0000a000 08:11 1192366                    /home/shenjack/.gradle/caches/jars-2/nwyg9io65lv6jvmwit2wq82xnnxd7ia/kxml2-2.3.0.jar
7ff019c09000-7ff019c0b000 r--s 00005000 08:11 1192365                    /home/shenjack/.gradle/caches/jars-2/i6hc1uuj8e9ck59slmzdyz78ydn8sr6/httpmime-4.1.jar
7ff019c0b000-7ff019c13000 r--s 0004e000 08:11 1192364                    /home/shenjack/.gradle/caches/jars-2/7503wa5irssz0xxahv1xb82p2dl7rr2/httpclient-4.1.1.jar
7ff019c13000-7ff019c1a000 r--s 00053000 08:11 933000                     /home/shenjack/.gradle/caches/jars-2/jgkfvs4eqggj7qsyw1f5d3up57hanj1/commons-compress-1.8.1.jar
7ff019c1a000-7ff019c1f000 r--s 0002a000 08:11 808498                     /home/shenjack/.gradle/caches/jars-2/je8f027qcr1z1egw08byp1ybxbp9kko/gson-2.2.4.jar
7ff019c1f000-7ff019c24000 r--s 0002e000 08:11 808496                     /home/shenjack/.gradle/caches/jars-2/r6oa1284jnf1g0hjm5fw7l8swldb7ek/repository-25.3.0.jar
7ff019c24000-7ff019c25000 r--s 00005000 08:11 808494                     /home/shenjack/.gradle/caches/jars-2/8zf2fyptbgnbanz613fx2c3hoto0539/dvlib-25.3.0.jar
7ff019c25000-7ff019c28000 r--s 00012000 08:11 279420                     /home/shenjack/.gradle/caches/jars-2/9uh4197qdwnvuono2myyig8xxy6aqcq/layoutlib-api-25.3.0.jar
7ff019c28000-7ff019c2d000 r--s 00058000 08:11 279418                     /home/shenjack/.gradle/caches/jars-2/st159835qgxm0l87oqrnhayxos4lc1n/asm-debug-all-5.0.1.jar
7ff019c2d000-7ff019c3d000 r--s 000d5000 08:11 1719531                    /home/shenjack/.gradle/caches/jars-2/qzf32gp9kej4w4hlbabft6tplu74cj3/proguard-base-5.3.2.jar
7ff019c3d000-7ff019c40000 r--s 00033000 08:11 1459579                    /home/shenjack/.gradle/caches/jars-2/nz9sndmr8b4xbj4xulkaciy5kdbyfiz/juniversalchardet-1.0.3.jar
7ff019c40000-7ff019c44000 r--s 0002a000 08:11 1459577                    /home/shenjack/.gradle/caches/jars-2/krbpn9xjn1qymukyx8cc5l799ty1v3h/commons-io-2.4.jar
7ff019c44000-7ff019c5b000 r--s 00154000 08:11 1459575                    /home/shenjack/.gradle/caches/jars-2/sfeivjswzitn6n0fnjx3ueszz8gv8o1/antlr4-4.5.3.jar
7ff019c5b000-7ff019c5d000 r--s 00002000 08:11 1322528                    /home/shenjack/.gradle/caches/jars-2/o6nwvy6at9y5kbpwo6utcclqk98gd99/baseLibrary-2.3.0.jar
7ff019c5d000-7ff019c88000 r--s 001fc000 08:11 1322526                    /home/shenjack/.gradle/caches/jars-2/nxjrjftly2xksl8o0wqgivu5netfu2x/guava-18.0.jar
7ff019c88000-7ff019c9b000 r--s 00241000 08:11 1322524                    /home/shenjack/.gradle/caches/jars-2/9yuekvg4qerfitq3xec0iyckuw3hwaq/ecj-4.6.1.jar
7ff019c9b000-7ff019ca2000 r--s 000d9000 08:11 1192363                    /home/shenjack/.gradle/caches/jars-2/aprntsq9xd6l685y4wf1lo3ojhypibs/lint-checks-25.3.0.jar
7ff019ca2000-7ff019ca4000 r--s 00006000 08:11 1192362                    /home/shenjack/.gradle/caches/jars-2/6phgj9ki3jl3p5epzkqoo8pr6kur40b/asm-tree-5.0.4.jar
7ff019ca4000-7ff019cd7000 r--s 00203000 08:11 1192361                    /home/shenjack/.gradle/caches/jars-2/hj0bfvxu9cq7hkwmecvp0kg137or3hh/bcprov-jdk15on-1.48.jar
7ff019cd7000-7ff019ce5000 r--s 00081000 08:11 1192360                    /home/shenjack/.gradle/caches/jars-2/4r7xli0tz94y0wfjrdyjxlxar3g1pb9/bcpkix-jdk15on-1.48.jar
7ff019ce5000-7ff019ce7000 r--s 00002000 08:11 1192359                    /home/shenjack/.gradle/caches/jars-2/f32bh5uivuf69ecz2j8hl96ksnqdh7v/javawriter-2.5.0.jar
7ff019ce7000-7ff019ce9000 r--s 00004000 08:11 1192358                    /home/shenjack/.gradle/caches/jars-2/ks5d1mxwh7e42p192ttu3gpechro7qa/tracker-25.3.0.jar
7ff019ce9000-7ff019cea000 r--s 00005000 08:11 1192357                    /home/shenjack/.gradle/caches/jars-2/fl4kf4ptr1zzfqcvmz0t9nip0r2xra6/shared-25.3.0.jar
7ff019cea000-7ff019cf8000 r--s 00147000 08:11 1192356                    /home/shenjack/.gradle/caches/jars-2/kzywuljggjlwzg0mn5daqjrl9hrds10/protos-25.3.0.jar
7ff019cf8000-7ff019cf9000 r--s 00001000 08:11 1192355                    /home/shenjack/.gradle/caches/jars-2/9wceqt3rojnwacgoouxh9g9dkoot2zu/jill-api-0.10.0.jar
7ff019cf9000-7ff019cfb000 r--s 00003000 08:11 1192354                    /home/shenjack/.gradle/caches/jars-2/hgjtw817h9ckqrqd7wts8rss79wyf2p/jack-api-0.13.0.jar
7ff019cfb000-7ff019d01000 r--s 0004a000 08:11 1192353                    /home/shenjack/.gradle/caches/jars-2/qdr9c88xakd7sne0hmledt9h4qds2q2/ddmlib-25.3.0.jar
7ff019d01000-7ff019d04000 r--s 00022000 08:11 1192352                    /home/shenjack/.gradle/caches/jars-2/fsss09xku4j8m0mtb0gif22hmmgqs7i/manifest-merger-25.3.0.jar
7ff019d04000-7ff019d07000 r--s 0001c000 08:11 1192351                    /home/shenjack/.gradle/caches/jars-2/s9s98vc2jrc4cq452s7phwb2ad5xfkn/common-25.3.0.jar
7ff019d07000-7ff019d10000 r--s 00089000 08:11 1192350                    /home/shenjack/.gradle/caches/jars-2/965j22khmkpwdgya5fll5pxt21kiz0y/sdk-common-25.3.0.jar
7ff019d10000-7ff019d1a000 r--s 00097000 08:11 1192349                    /home/shenjack/.gradle/caches/jars-2/2t3glk7v5svadzqcbhq0avch2qk6a9k/sdklib-25.3.0.jar
7ff019d1a000-7ff019d1b000 r--s 00002000 08:11 1192348                    /home/shenjack/.gradle/caches/jars-2/q53lj97mtvuhn56k5k0vmpi70ln1194/builder-test-api-2.3.0.jar
7ff019d1b000-7ff019d1e000 r--s 00006000 08:11 1192347                    /home/shenjack/.gradle/caches/jars-2/217rxmwsloonj42ilq94g16c8qou0uv/builder-model-2.3.0.jar
7ff019d1e000-7ff019d2d000 r--s 00130000 08:11 1192346                    /home/shenjack/.gradle/caches/jars-2/cr6zkqpx14lor9zdtmo49qpc7y8r8p4/protobuf-java-3.0.0.jar
7ff019d2d000-7ff019d2f000 r--s 0000f000 08:11 1192345                    /home/shenjack/.gradle/caches/jars-2/rvfyugrlu5tbpz51p98og0qsxamjq4k/jopt-simple-4.9.jar
7ff019d2f000-7ff019d33000 r--s 0001f000 08:11 1192344                    /home/shenjack/.gradle/caches/jars-2/nq3fzqkrrm37ob61z4iu5qdbh368uat/org.jacoco.report-0.7.5.201505241946.jar
7ff019d33000-7ff019d37000 r--s 0001d000 08:11 1192343                    /home/shenjack/.gradle/caches/jars-2/3kxkmcckmk40ron92zhbm0qjo9l4bkl/org.jacoco.core-0.7.5.201505241946.jar
7ff019d37000-7ff019d39000 r--s 00002000 08:11 1192342                    /home/shenjack/.gradle/caches/jars-2/m4m0pzb4gmaeh0in5g2xc4bxeuwt828/proguard-gradle-5.3.2.jar
7ff019d39000-7ff019d3b000 r--s 00009000 08:11 1192341                    /home/shenjack/.gradle/caches/jars-2/ajvcvdu66lc9e3tvvipxtuq48i9bbkc/asm-commons-5.0.4.jar
7ff019d3b000-7ff019d3d000 r--s 0000c000 08:11 1192340                    /home/shenjack/.gradle/caches/jars-2/1laz1ygmxoc408r7nwqs1q8uk8r236d/asm-5.0.4.jar
7ff019d3d000-7ff019d42000 r--s 0002c000 08:11 1192339                    /home/shenjack/.gradle/caches/jars-2/3eyaheco65g859qpfsowjbpqi0jh6mf/compilerCommon-2.3.0.jar
7ff019d42000-7ff019d43000 r--s 00002000 08:11 1192338                    /home/shenjack/.gradle/caches/jars-2/31jr90v5p5fkd2jflx4pvapkdf35ezu/gradle-api-2.3.0.jar
7ff019d43000-7ff019d44000 r--s 00000000 08:11 1192337                    /home/shenjack/.gradle/caches/jars-2/9alwd0ip1x6at9csjhyhihqra39rks9/transform-api-2.0.0-deprecated-use-gradle-api.jar
7ff019d44000-7ff019d49000 r--s 0005e000 08:11 1192336                    /home/shenjack/.gradle/caches/jars-2/ni16dxztl73a86d25hs3on5ncngkbuy/lint-25.3.0.jar
7ff019d49000-7ff019d5f000 r--s 00163000 08:11 1192335                    /home/shenjack/.gradle/caches/jars-2/sqf8kc3htrab4fj479mwr3jrji381b7/builder-2.3.0.jar
7ff019d5f000-7ff019d7d000 r--s 001cb000 08:11 1192334                    /home/shenjack/.gradle/caches/jars-2/8qy5a7i3gbr2s4snxdquaath1tjusie/gradle-core-2.3.0.jar
7ff019d7d000-7ff019d7f000 r--s 0000d000 08:11 1192333                    /home/shenjack/.gradle/caches/jars-2/60bmiis45kdytxtzt10fi483750k8at/gradle-2.3.0.jar
7ff019d7f000-7ff019f7f000 rw-p 00000000 00:00 0 
7ff019f7f000-7ff01a17f000 rw-p 00000000 00:00 0 
7ff01a17f000-7ff01a182000 ---p 00000000 00:00 0 
7ff01a182000-7ff01a280000 rw-p 00000000 00:00 0 
7ff01a280000-7ff01a283000 ---p 00000000 00:00 0 
7ff01a283000-7ff01a2b9000 rw-p 00000000 00:00 0 
7ff01a2b9000-7ff01a2ba000 r--p 00000000 00:00 0 
7ff01a2ba000-7ff01a4ba000 rw-p 00000000 00:00 0 
7ff01a4ba000-7ff01a6ba000 rw-p 00000000 00:00 0 
7ff01a6ba000-7ff01a8ba000 rw-p 00000000 00:00 0 
7ff01a8ba000-7ff01aaba000 rw-p 00000000 00:00 0 
7ff01aaba000-7ff01ab33000 r--s 010ed000 08:11 1049023                    /usr/local/android-studio/jre/lib/tools.jar
7ff01ab33000-7ff01ad33000 rw-p 00000000 00:00 0 
7ff01ad33000-7ff01ad36000 ---p 00000000 00:00 0 
7ff01ad36000-7ff01ae34000 rw-p 00000000 00:00 0 
7ff01ae34000-7ff01ae37000 ---p 00000000 00:00 0 
7ff01ae37000-7ff01af35000 rw-p 00000000 00:00 0 
7ff01af35000-7ff01af38000 ---p 00000000 00:00 0 
7ff01af38000-7ff01b036000 rw-p 00000000 00:00 0 
7ff01b036000-7ff01b039000 ---p 00000000 00:00 0 
7ff01b039000-7ff01b137000 rw-p 00000000 00:00 0 
7ff01b137000-7ff01b13a000 ---p 00000000 00:00 0 
7ff01b13a000-7ff01b438000 rw-p 00000000 00:00 0 
7ff01b438000-7ff01b43b000 ---p 00000000 00:00 0 
7ff01b43b000-7ff01b539000 rw-p 00000000 00:00 0 
7ff01b539000-7ff01b53c000 ---p 00000000 00:00 0 
7ff01b53c000-7ff01b63a000 rw-p 00000000 00:00 0 
7ff01b63a000-7ff01b641000 r--s 00000000 08:11 8824                       /usr/lib/x86_64-linux-gnu/gconv/gconv-modules.cache
7ff01b641000-7ff01b841000 rw-p 00000000 00:00 0 
7ff01b841000-7ff01b844000 ---p 00000000 00:00 0 
7ff01b844000-7ff01b942000 rw-p 00000000 00:00 0 
7ff01b942000-7ff01b94b000 r-xp 00000000 08:11 1049108                    /usr/local/android-studio/jre/jre/lib/amd64/libmanagement.so
7ff01b94b000-7ff01bb4a000 ---p 00009000 08:11 1049108                    /usr/local/android-studio/jre/jre/lib/amd64/libmanagement.so
7ff01bb4a000-7ff01bb4b000 r--p 00008000 08:11 1049108                    /usr/local/android-studio/jre/jre/lib/amd64/libmanagement.so
7ff01bb4b000-7ff01bb4c000 rw-p 00009000 08:11 1049108                    /usr/local/android-studio/jre/jre/lib/amd64/libmanagement.so
7ff01bb4c000-7ff01bb51000 r--s 00098000 08:11 1049069                    /usr/local/android-studio/jre/jre/lib/jsse.jar
7ff01bb51000-7ff01bb53000 r--s 00007000 08:11 710544                     /home/shenjack/.gradle/wrapper/dists/gradle-3.3-all/55gk2rcmfc6p2dg9u9ohc3hw9/gradle-3.3/lib/plugins/gradle-tooling-api-builders-3.3.jar
7ff01bb53000-7ff01bb56000 r--s 00009000 08:11 710537                     /home/shenjack/.gradle/wrapper/dists/gradle-3.3-all/55gk2rcmfc6p2dg9u9ohc3hw9/gradle-3.3/lib/plugins/gradle-testing-native-3.3.jar
7ff01bb56000-7ff01bb5c000 r--s 00033000 08:11 710612                     /home/shenjack/.gradle/wrapper/dists/gradle-3.3-all/55gk2rcmfc6p2dg9u9ohc3hw9/gradle-3.3/lib/plugins/snakeyaml-1.6.jar
7ff01bb5c000-7ff01bb5e000 r--s 00006000 08:11 710611                     /home/shenjack/.gradle/wrapper/dists/gradle-3.3-all/55gk2rcmfc6p2dg9u9ohc3hw9/gradle-3.3/lib/plugins/jcommander-1.12.jar
7ff01bb5e000-7ff01bb63000 r--s 00040000 08:11 710610                     /home/shenjack/.gradle/wrapper/dists/gradle-3.3-all/55gk2rcmfc6p2dg9u9ohc3hw9/gradle-3.3/lib/plugins/bsh-2.0b4.jar
7ff01bb63000-7ff01bb65000 r--s 00009000 08:11 710618                     /home/shenjack/.gradle/wrapper/dists/gradle-3.3-all/55gk2rcmfc6p2dg9u9ohc3hw9/gradle-3.3/lib/plugins/hamcrest-core-1.3.jar
7ff01bb65000-7ff01bb6e000 r--s 00089000 08:11 710569                     /home/shenjack/.gradle/wrapper/dists/gradle-3.3-all/55gk2rcmfc6p2dg9u9ohc3hw9/gradle-3.3/lib/plugins/testng-6.3.1.jar
7ff01bb6e000-7ff01bb76000 r--s 00045000 08:11 710568                     /home/shenjack/.gradle/wrapper/dists/gradle-3.3-all/55gk2rcmfc6p2dg9u9ohc3hw9/gradle-3.3/lib/plugins/junit-4.12.jar
7ff01bb76000-7ff01bb7c000 r--s 0002e000 08:11 710538                     /home/shenjack/.gradle/wrapper/dists/gradle-3.3-all/55gk2rcmfc6p2dg9u9ohc3hw9/gradle-3.3/lib/plugins/gradle-testing-jvm-3.3.jar
7ff01bb7c000-7ff01bb80000 r--s 00016000 08:11 710536                     /home/shenjack/.gradle/wrapper/dists/gradle-3.3-all/55gk2rcmfc6p2dg9u9ohc3hw9/gradle-3.3/lib/plugins/gradle-testing-base-3.3.jar
7ff01bb80000-7ff01bb87000 r--s 00038000 08:11 710563                     /home/shenjack/.gradle/wrapper/dists/gradle-3.3-all/55gk2rcmfc6p2dg9u9ohc3hw9/gradle-3.3/lib/plugins/bcpg-jdk15on-1.51.jar
7ff01bb87000-7ff01bb89000 r--s 0000c000 08:11 710515                     /home/shenjack/.gradle/wrapper/dists/gradle-3.3-all/55gk2rcmfc6p2dg9u9ohc3hw9/gradle-3.3/lib/plugins/gradle-signing-3.3.jar
7ff01bb89000-7ff01bb8b000 r--s 00007000 08:11 710514                     /home/shenjack/.gradle/wrapper/dists/gradle-3.3-all/55gk2rcmfc6p2dg9u9ohc3hw9/gradle-3.3/lib/plugins/gradle-scala-3.3.jar
7ff01bb8b000-7ff01bb9b000 r--s 00088000 08:11 710579                     /home/shenjack/.gradle/wrapper/dists/gradle-3.3-all/55gk2rcmfc6p2dg9u9ohc3hw9/gradle-3.3/lib/plugins/joda-time-2.8.2.jar
7ff01bb9b000-7ff01bbac000 r--s 0010d000 08:11 710578                     /home/shenjack/.gradle/wrapper/dists/gradle-3.3-all/55gk2rcmfc6p2dg9u9ohc3hw9/gradle-3.3/lib/plugins/jackson-databind-2.6.6.jar
7ff01bbac000-7ff01bbaf000 r--s 00009000 08:11 710577                     /home/shenjack/.gradle/wrapper/dists/gradle-3.3-all/55gk2rcmfc6p2dg9u9ohc3hw9/gradle-3.3/lib/plugins/jackson-annotations-2.6.6.jar
7ff01bbaf000-7ff01bbb3000 r--s 0003c000 08:11 710576                     /home/shenjack/.gradle/wrapper/dists/gradle-3.3-all/55gk2rcmfc6p2dg9u9ohc3hw9/gradle-3.3/lib/plugins/jackson-core-2.6.6.jar
7ff01bbb3000-7ff01bbc1000 r--s 00087000 08:11 710575                     /home/shenjack/.gradle/wrapper/dists/gradle-3.3-all/55gk2rcmfc6p2dg9u9ohc3hw9/gradle-3.3/lib/plugins/aws-java-sdk-core-1.11.6.jar
7ff01bbc1000-7ff01bbc8000 r--s 00057000 08:11 710574                     /home/shenjack/.gradle/wrapper/dists/gradle-3.3-all/55gk2rcmfc6p2dg9u9ohc3hw9/gradle-3.3/lib/plugins/aws-java-sdk-kms-1.11.6.jar
7ff01bbc8000-7ff01bbd5000 r--s 0008e000 08:11 710573                     /home/shenjack/.gradle/wrapper/dists/gradle-3.3-all/55gk2rcmfc6p2dg9u9ohc3hw9/gradle-3.3/lib/plugins/aws-java-sdk-s3-1.11.6.jar
7ff01bbd5000-7ff01bbd7000 r--s 00004000 08:11 710543                     /home/shenjack/.gradle/wrapper/dists/gradle-3.3-all/55gk2rcmfc6p2dg9u9ohc3hw9/gradle-3.3/lib/plugins/gradle-resources-s3-3.3.jar
7ff01bbd7000-7ff01bbd9000 r--s 00005000 08:11 710567                     /home/shenjack/.gradle/wrapper/dists/gradle-3.3-all/55gk2rcmfc6p2dg9u9ohc3hw9/gradle-3.3/lib/plugins/jatl-0.2.2.jar
7ff01bbd9000-7ff01bbdb000 r--s 0000f000 08:11 710520                     /home/shenjack/.gradle/wrapper/dists/gradle-3.3-all/55gk2rcmfc6p2dg9u9ohc3hw9/gradle-3.3/lib/plugins/gradle-reporting-3.3.jar
7ff01bbdb000-7ff01bbdd000 r--s 00002000 08:11 710521                     /home/shenjack/.gradle/wrapper/dists/gradle-3.3-all/55gk2rcmfc6p2dg9u9ohc3hw9/gradle-3.3/lib/plugins/gradle-publish-3.3.jar
7ff01bbdd000-7ff01bbdf000 r--s 00009000 08:11 710550                     /home/shenjack/.gradle/wrapper/dists/gradle-3.3-all/55gk2rcmfc6p2dg9u9ohc3hw9/gradle-3.3/lib/plugins/commons-cli-1.2.jar
7ff01bbdf000-7ff01bbe5000 r--s 00031000 08:11 710506                     /home/shenjack/.gradle/wrapper/dists/gradle-3.3-all/55gk2rcmfc6p2dg9u9ohc3hw9/gradle-3.3/lib/plugins/gradle-plugins-3.3.jar
7ff01bbe5000-7ff01bbe7000 r--s 00009000 08:11 710539                     /home/shenjack/.gradle/wrapper/dists/gradle-3.3-all/55gk2rcmfc6p2dg9u9ohc3hw9/gradle-3.3/lib/plugins/gradle-plugin-development-3.3.jar
7ff01bbe7000-7ff01bbed000 r--s 0002b000 08:11 710532                     /home/shenjack/.gradle/wrapper/dists/gradle-3.3-all/55gk2rcmfc6p2dg9u9ohc3hw9/gradle-3.3/lib/plugins/gradle-platform-play-3.3.jar
7ff01bbed000-7ff01bbfb000 r--s 00055000 08:11 710531                     /home/shenjack/.gradle/wrapper/dists/gradle-3.3-all/55gk2rcmfc6p2dg9u9ohc3hw9/gradle-3.3/lib/plugins/gradle-platform-native-3.3.jar
7ff01bbfb000-7ff01bc00000 r--s 0001f000 08:11 710526                     /home/shenjack/.gradle/wrapper/dists/gradle-3.3-all/55gk2rcmfc6p2dg9u9ohc3hw9/gradle-3.3/lib/plugins/gradle-platform-jvm-3.3.jar
7ff01bc00000-7ff01bc08000 r--s 00027000 08:11 710525                     /home/shenjack/.gradle/wrapper/dists/gradle-3.3-all/55gk2rcmfc6p2dg9u9ohc3hw9/gradle-3.3/lib/plugins/gradle-platform-base-3.3.jar
7ff01bc08000-7ff01bc30000 r--s 0021c000 08:11 710558                     /home/shenjack/.gradle/wrapper/dists/gradle-3.3-all/55gk2rcmfc6p2dg9u9ohc3hw9/gradle-3.3/lib/plugins/biz.aQute.bndlib-3.2.0.jar
7ff01bc30000-7ff01bc32000 r--s 00003000 08:11 710510                     /home/shenjack/.gradle/wrapper/dists/gradle-3.3-all/55gk2rcmfc6p2dg9u9ohc3hw9/gradle-3.3/lib/plugins/gradle-osgi-3.3.jar
7ff01bc32000-7ff01bc35000 r--s 0000c000 08:11 710561                     /home/shenjack/.gradle/wrapper/dists/gradle-3.3-all/55gk2rcmfc6p2dg9u9ohc3hw9/gradle-3.3/lib/plugins/pmaven-groovy-0.8-20100325.jar
7ff01bc35000-7ff01bc3b000 r--s 00023000 08:11 710511                     /home/shenjack/.gradle/wrapper/dists/gradle-3.3-all/55gk2rcmfc6p2dg9u9ohc3hw9/gradle-3.3/lib/plugins/gradle-maven-3.3.jar
7ff01bc3b000-7ff01bc3e000 r--s 0000b000 08:11 710530                     /home/shenjack/.gradle/wrapper/dists/gradle-3.3-all/55gk2rcmfc6p2dg9u9ohc3hw9/gradle-3.3/lib/plugins/gradle-language-scala-3.3.jar
7ff01bc3e000-7ff01bc44000 r--s 0001a000 08:11 710534                     /home/shenjack/.gradle/wrapper/dists/gradle-3.3-all/55gk2rcmfc6p2dg9u9ohc3hw9/gradle-3.3/lib/plugins/gradle-language-native-3.3.jar
7ff01bc44000-7ff01bc4a000 r--s 00027000 08:11 710528                     /home/shenjack/.gradle/wrapper/dists/gradle-3.3-all/55gk2rcmfc6p2dg9u9ohc3hw9/gradle-3.3/lib/plugins/gradle-language-java-3.3.jar
7ff01bc4a000-7ff01bc6d000 r--s 00344000 08:11 710584                     /home/shenjack/.gradle/wrapper/dists/gradle-3.3-all/55gk2rcmfc6p2dg9u9ohc3hw9/gradle-3.3/lib/plugins/core-3.1.1.jar
7ff01bc6d000-7ff01bc7e000 r--s 000ea000 08:11 710555                     /home/shenjack/.gradle/wrapper/dists/gradle-3.3-all/55gk2rcmfc6p2dg9u9ohc3hw9/gradle-3.3/lib/plugins/jsp-2.1-6.1.14.jar
7ff01bc7e000-7ff01bdf0000 r-xp 00000000 08:11 1708797                    /usr/lib/x86_64-linux-gnu/libstdc++.so.6.0.21
7ff01bdf0000-7ff01bff0000 ---p 00172000 08:11 1708797                    /usr/lib/x86_64-linux-gnu/libstdc++.so.6.0.21
7ff01bff0000-7ff01bffa000 r--p 00172000 08:11 1708797                    /usr/lib/x86_64-linux-gnu/libstdc++.so.6.0.21
7ff01bffa000-7ff01bffc000 rw-p 0017c000 08:11 1708797                    /usr/lib/x86_64-linux-gnu/libstdc++.so.6.0.21
7ff01bffc000-7ff01c000000 rw-p 00000000 00:00 0 
7ff01c000000-7ff01cc32000 rw-p 00000000 00:00 0 
7ff01cc32000-7ff020000000 ---p 00000000 00:00 0 
7ff020000000-7ff020021000 rw-p 00000000 00:00 0 
7ff020021000-7ff024000000 ---p 00000000 00:00 0 
7ff024000000-7ff025edb000 rw-p 00000000 00:00 0 
7ff025edb000-7ff028000000 ---p 00000000 00:00 0 
7ff028000000-7ff02a1a0000 rw-p 00000000 00:00 0 
7ff02a1a0000-7ff02c000000 ---p 00000000 00:00 0 
7ff02c000000-7ff02c021000 rw-p 00000000 00:00 0 
7ff02c021000-7ff030000000 ---p 00000000 00:00 0 
7ff030000000-7ff030021000 rw-p 00000000 00:00 0 
7ff030021000-7ff034000000 ---p 00000000 00:00 0 
7ff034000000-7ff03427f000 rw-p 00000000 00:00 0 
7ff03427f000-7ff038000000 ---p 00000000 00:00 0 
7ff038000000-7ff038021000 rw-p 00000000 00:00 0 
7ff038021000-7ff03c000000 ---p 00000000 00:00 0 
7ff03c000000-7ff03c026000 rw-p 00000000 00:00 0 
7ff03c026000-7ff040000000 ---p 00000000 00:00 0 
7ff040000000-7ff040021000 rw-p 00000000 00:00 0 
7ff040021000-7ff044000000 ---p 00000000 00:00 0 
7ff044000000-7ff044029000 rw-p 00000000 00:00 0 
7ff044029000-7ff048000000 ---p 00000000 00:00 0 
7ff048000000-7ff048001000 r--s 00004000 08:11 710542                     /home/shenjack/.gradle/wrapper/dists/gradle-3.3-all/55gk2rcmfc6p2dg9u9ohc3hw9/gradle-3.3/lib/plugins/gradle-resources-sftp-3.3.jar
7ff048001000-7ff048002000 r--s 00004000 08:11 710560                     /home/shenjack/.gradle/wrapper/dists/gradle-3.3-all/55gk2rcmfc6p2dg9u9ohc3hw9/gradle-3.3/lib/plugins/pmaven-common-0.8-20100325.jar
7ff048002000-7ff048005000 r--s 00005000 08:11 710527                     /home/shenjack/.gradle/wrapper/dists/gradle-3.3-all/55gk2rcmfc6p2dg9u9ohc3hw9/gradle-3.3/lib/plugins/gradle-language-jvm-3.3.jar
7ff048005000-7ff048007000 r--s 0000a000 08:11 710529                     /home/shenjack/.gradle/wrapper/dists/gradle-3.3-all/55gk2rcmfc6p2dg9u9ohc3hw9/gradle-3.3/lib/plugins/gradle-language-groovy-3.3.jar
7ff048007000-7ff04800a000 r--s 0001e000 08:11 710585                     /home/shenjack/.gradle/wrapper/dists/gradle-3.3-all/55gk2rcmfc6p2dg9u9ohc3hw9/gradle-3.3/lib/plugins/jsp-api-2.1-6.1.14.jar
7ff04800a000-7ff04800b000 r--s 00006000 08:11 710583                     /home/shenjack/.gradle/wrapper/dists/gradle-3.3-all/55gk2rcmfc6p2dg9u9ohc3hw9/gradle-3.3/lib/plugins/jetty-naming-6.1.26.jar
7ff04800b000-7ff04800c000 r--s 00002000 08:11 710557                     /home/shenjack/.gradle/wrapper/dists/gradle-3.3-all/55gk2rcmfc6p2dg9u9ohc3hw9/gradle-3.3/lib/plugins/geronimo-annotation_1.0_spec-1.0.jar
7ff04800c000-7ff04800e000 r--s 00002000 08:11 710556                     /home/shenjack/.gradle/wrapper/dists/gradle-3.3-all/55gk2rcmfc6p2dg9u9ohc3hw9/gradle-3.3/lib/plugins/jetty-annotations-6.1.26.jar
7ff04800e000-7ff048010000 r--s 0000d000 08:11 710554                     /home/shenjack/.gradle/wrapper/dists/gradle-3.3-all/55gk2rcmfc6p2dg9u9ohc3hw9/gradle-3.3/lib/plugins/jetty-plus-6.1.26.jar
7ff048010000-7ff048012000 r--s 0001f000 08:11 710553                     /home/shenjack/.gradle/wrapper/dists/gradle-3.3-all/55gk2rcmfc6p2dg9u9ohc3hw9/gradle-3.3/lib/plugins/servlet-api-2.5-20081211.jar
7ff048012000-7ff048016000 r--s 00028000 08:11 710552                     /home/shenjack/.gradle/wrapper/dists/gradle-3.3-all/55gk2rcmfc6p2dg9u9ohc3hw9/gradle-3.3/lib/plugins/jetty-util-6.1.26.jar
7ff048016000-7ff04801d000 r--s 0007d000 08:11 710551                     /home/shenjack/.gradle/wrapper/dists/gradle-3.3-all/55gk2rcmfc6p2dg9u9ohc3hw9/gradle-3.3/lib/plugins/jetty-6.1.26.jar
7ff04801d000-7ff04801f000 r--s 0000a000 08:11 710508                     /home/shenjack/.gradle/wrapper/dists/gradle-3.3-all/55gk2rcmfc6p2dg9u9ohc3hw9/gradle-3.3/lib/plugins/gradle-jetty-3.3.jar
7ff04801f000-7ff048026000 r--s 00035000 08:11 710566                     /home/shenjack/.gradle/wrapper/dists/gradle-3.3-all/55gk2rcmfc6p2dg9u9ohc3hw9/gradle-3.3/lib/plugins/simple-4.1.21.jar
7ff048026000-7ff048032000 r--s 00100000 08:11 710564                     /home/shenjack/.gradle/wrapper/dists/gradle-3.3-all/55gk2rcmfc6p2dg9u9ohc3hw9/gradle-3.3/lib/plugins/rhino-1.7R3.jar
7ff048032000-7ff048036000 r--s 00012000 08:11 710517                     /home/shenjack/.gradle/wrapper/dists/gradle-3.3-all/55gk2rcmfc6p2dg9u9ohc3hw9/gradle-3.3/lib/plugins/gradle-javascript-3.3.jar
7ff048036000-7ff048038000 r--s 0000d000 08:11 710523                     /home/shenjack/.gradle/wrapper/dists/gradle-3.3-all/55gk2rcmfc6p2dg9u9ohc3hw9/gradle-3.3/lib/plugins/gradle-jacoco-3.3.jar
7ff048038000-7ff04803b000 r--s 0000e000 08:11 710522                     /home/shenjack/.gradle/wrapper/dists/gradle-3.3-all/55gk2rcmfc6p2dg9u9ohc3hw9/gradle-3.3/lib/plugins/gradle-ivy-3.3.jar
7ff04803b000-7ff04803c000 r--s 00002000 08:11 710533                     /home/shenjack/.gradle/wrapper/dists/gradle-3.3-all/55gk2rcmfc6p2dg9u9ohc3hw9/gradle-3.3/lib/plugins/gradle-ide-play-3.3.jar
7ff04803c000-7ff04803f000 r--s 00013000 08:11 710535                     /home/shenjack/.gradle/wrapper/dists/gradle-3.3-all/55gk2rcmfc6p2dg9u9ohc3hw9/gradle-3.3/lib/plugins/gradle-ide-native-3.3.jar
7ff04803f000-7ff048048000 r--s 00055000 08:11 710512                     /home/shenjack/.gradle/wrapper/dists/gradle-3.3-all/55gk2rcmfc6p2dg9u9ohc3hw9/gradle-3.3/lib/plugins/gradle-ide-3.3.jar
7ff048048000-7ff04804a000 r--s 00007000 08:11 710516                     /home/shenjack/.gradle/wrapper/dists/gradle-3.3-all/55gk2rcmfc6p2dg9u9ohc3hw9/gradle-3.3/lib/plugins/gradle-ear-3.3.jar
7ff04804a000-7ff048050000 r--s 00039000 08:11 710519                     /home/shenjack/.gradle/wrapper/dists/gradle-3.3-all/55gk2rcmfc6p2dg9u9ohc3hw9/gradle-3.3/lib/plugins/gradle-diagnostics-3.3.jar
7ff048050000-7ff048051000 r--s 00009000 08:11 710545                     /home/shenjack/.gradle/wrapper/dists/gradle-3.3-all/55gk2rcmfc6p2dg9u9ohc3hw9/gradle-3.3/lib/plugins/gradle-composite-builds-3.3.jar
7ff048051000-7ff048055000 r--s 00023000 08:11 710507                     /home/shenjack/.gradle/wrapper/dists/gradle-3.3-all/55gk2rcmfc6p2dg9u9ohc3hw9/gradle-3.3/lib/plugins/gradle-code-quality-3.3.jar
7ff048055000-7ff048059000 r--s 00022000 08:11 710524                     /home/shenjack/.gradle/wrapper/dists/gradle-3.3-all/55gk2rcmfc6p2dg9u9ohc3hw9/gradle-3.3/lib/plugins/gradle-build-init-3.3.jar
7ff048059000-7ff04805f000 r--s 0008e000 08:11 710518                     /home/shenjack/.gradle/wrapper/dists/gradle-3.3-all/55gk2rcmfc6p2dg9u9ohc3hw9/gradle-3.3/lib/plugins/gradle-build-comparison-3.3.jar
7ff04805f000-7ff048060000 r--s 00001000 08:11 710546                     /home/shenjack/.gradle/wrapper/dists/gradle-3.3-all/55gk2rcmfc6p2dg9u9ohc3hw9/gradle-3.3/lib/plugins/gradle-build-cache-http-3.3.jar
7ff048060000-7ff048062000 r--s 00008000 08:11 710509                     /home/shenjack/.gradle/wrapper/dists/gradle-3.3-all/55gk2rcmfc6p2dg9u9ohc3hw9/gradle-3.3/lib/plugins/gradle-antlr-3.3.jar
7ff048062000-7ff048064000 r--s 00004000 08:11 710513                     /home/shenjack/.gradle/wrapper/dists/gradle-3.3-all/55gk2rcmfc6p2dg9u9ohc3hw9/gradle-3.3/lib/plugins/gradle-announce-3.3.jar
7ff048064000-7ff04807c000 r--s 00115000 08:11 710615                     /home/shenjack/.gradle/wrapper/dists/gradle-3.3-all/55gk2rcmfc6p2dg9u9ohc3hw9/gradle-3.3/lib/plugins/xercesImpl-2.9.1.jar
7ff04807c000-7ff048084000 r--s 00028000 08:11 710616                     /home/shenjack/.gradle/wrapper/dists/gradle-3.3-all/55gk2rcmfc6p2dg9u9ohc3hw9/gradle-3.3/lib/plugins/xml-apis-1.3.04.jar
7ff048084000-7ff04808a000 r--s 0005b000 08:11 710614                     /home/shenjack/.gradle/wrapper/dists/gradle-3.3-all/55gk2rcmfc6p2dg9u9ohc3hw9/gradle-3.3/lib/plugins/jcifs-1.3.17.jar
7ff04808a000-7ff048090000 r--s 00033000 08:11 710562                     /home/shenjack/.gradle/wrapper/dists/gradle-3.3-all/55gk2rcmfc6p2dg9u9ohc3hw9/gradle-3.3/lib/plugins/commons-codec-1.6.jar
7ff048090000-7ff048097000 r--s 00049000 08:11 710613                     /home/shenjack/.gradle/wrapper/dists/gradle-3.3-all/55gk2rcmfc6p2dg9u9ohc3hw9/gradle-3.3/lib/plugins/httpcore-4.4.4.jar
7ff048097000-7ff04809a000 r--s 0001c000 08:11 710571                     /home/shenjack/.gradle/wrapper/dists/gradle-3.3-all/55gk2rcmfc6p2dg9u9ohc3hw9/gradle-3.3/lib/plugins/nekohtml-1.9.14.jar
7ff04809a000-7ff0480a7000 r--s 000a4000 08:11 710570                     /home/shenjack/.gradle/wrapper/dists/gradle-3.3-all/55gk2rcmfc6p2dg9u9ohc3hw9/gradle-3.3/lib/plugins/httpclient-4.4.1.jar
7ff0480a7000-7ff0480aa000 r--s 0000a000 08:11 710541                     /home/shenjack/.gradle/wrapper/dists/gradle-3.3-all/55gk2rcmfc6p2dg9u9ohc3hw9/gradle-3.3/lib/plugins/gradle-resources-http-3.3.jar
7ff0480aa000-7ff0480ae000 r--s 00015000 08:11 710540                     /home/shenjack/.gradle/wrapper/dists/gradle-3.3-all/55gk2rcmfc6p2dg9u9ohc3hw9/gradle-3.3/lib/plugins/gradle-plugin-use-3.3.jar
7ff0480ae000-7ff0480af000 r--s 00000000 08:11 710452                     /home/shenjack/.gradle/wrapper/dists/gradle-3.3-all/55gk2rcmfc6p2dg9u9ohc3hw9/gradle-3.3/lib/gradle-installation-beacon-3.3.jar
7ff0480af000-7ff0480b1000 r--s 00006000 08:11 710609                     /home/shenjack/.gradle/wrapper/dists/gradle-3.3-all/55gk2rcmfc6p2dg9u9ohc3hw9/gradle-3.3/lib/plugins/aether-connector-wagon-1.13.1.jar
7ff0480b1000-7ff0480b5000 r--s 0001c000 08:11 710608                     /home/shenjack/.gradle/wrapper/dists/gradle-3.3-all/55gk2rcmfc6p2dg9u9ohc3hw9/gradle-3.3/lib/plugins/aether-util-1.13.1.jar
7ff0480b5000-7ff0480b6000 r--s 00003000 08:11 710607                     /home/shenjack/.gradle/wrapper/dists/gradle-3.3-all/55gk2rcmfc6p2dg9u9ohc3hw9/gradle-3.3/lib/plugins/aether-spi-1.13.1.jar
7ff0480b6000-7ff0480b9000 r--s 0001d000 08:11 710606                     /home/shenjack/.gradle/wrapper/dists/gradle-3.3-all/55gk2rcmfc6p2dg9u9ohc3hw9/gradle-3.3/lib/plugins/aether-impl-1.13.1.jar
7ff0480b9000-7ff0480bc000 r--s 00013000 08:11 710605                     /home/shenjack/.gradle/wrapper/dists/gradle-3.3-all/55gk2rcmfc6p2dg9u9ohc3hw9/gradle-3.3/lib/plugins/aether-api-1.13.1.jar
7ff0480bc000-7ff0480bd000 r--s 00007000 08:11 710604                     /home/shenjack/.gradle/wrapper/dists/gradle-3.3-all/55gk2rcmfc6p2dg9u9ohc3hw9/gradle-3.3/lib/plugins/wagon-http-shared4-2.4.jar
7ff0480bd000-7ff0480bf000 r--s 0000b000 08:11 710603                     /home/shenjack/.gradle/wrapper/dists/gradle-3.3-all/55gk2rcmfc6p2dg9u9ohc3hw9/gradle-3.3/lib/plugins/wagon-provider-api-2.4.jar
7ff0480bf000-7ff0480c0000 r--s 00002000 08:11 710602                     /home/shenjack/.gradle/wrapper/dists/gradle-3.3-all/55gk2rcmfc6p2dg9u9ohc3hw9/gradle-3.3/lib/plugins/wagon-http-2.4.jar
7ff0480c0000-7ff0480c1000 r--s 00002000 08:11 710601                     /home/shenjack/.gradle/wrapper/dists/gradle-3.3-all/55gk2rcmfc6p2dg9u9ohc3hw9/gradle-3.3/lib/plugins/wagon-file-2.4.jar
7ff0480c1000-7ff0480c3000 r--s 0000c000 08:11 710600                     /home/shenjack/.gradle/wrapper/dists/gradle-3.3-all/55gk2rcmfc6p2dg9u9ohc3hw9/gradle-3.3/lib/plugins/maven-aether-provider-3.0.4.jar
7ff0480c3000-7ff0480c5000 r--s 0000b000 08:11 710599                     /home/shenjack/.gradle/wrapper/dists/gradle-3.3-all/55gk2rcmfc6p2dg9u9ohc3hw9/gradle-3.3/lib/plugins/maven-plugin-api-3.0.4.jar
7ff0480c5000-7ff0480c7000 r--s 00006000 08:11 710598                     /home/shenjack/.gradle/wrapper/dists/gradle-3.3-all/55gk2rcmfc6p2dg9u9ohc3hw9/gradle-3.3/lib/plugins/maven-repository-metadata-3.0.4.jar
7ff0480c7000-7ff0480c9000 r--s 0000b000 08:11 710597                     /home/shenjack/.gradle/wrapper/dists/gradle-3.3-all/55gk2rcmfc6p2dg9u9ohc3hw9/gradle-3.3/lib/plugins/maven-artifact-3.0.4.jar
7ff0480c9000-7ff0480cb000 r--s 00026000 08:11 710596                     /home/shenjack/.gradle/wrapper/dists/gradle-3.3-all/55gk2rcmfc6p2dg9u9ohc3hw9/gradle-3.3/lib/plugins/maven-model-3.0.4.jar
7ff0480cb000-7ff0480cf000 r--s 00021000 08:11 710595                     /home/shenjack/.gradle/wrapper/dists/gradle-3.3-all/55gk2rcmfc6p2dg9u9ohc3hw9/gradle-3.3/lib/plugins/maven-model-builder-3.0.4.jar
7ff0480cf000-7ff0480d5000 r--s 0003f000 08:11 710594                     /home/shenjack/.gradle/wrapper/dists/gradle-3.3-all/55gk2rcmfc6p2dg9u9ohc3hw9/gradle-3.3/lib/plugins/maven-compat-3.0.4.jar
7ff0480d5000-7ff0480d6000 r--s 00006000 08:11 710593                     /home/shenjack/.gradle/wrapper/dists/gradle-3.3-all/55gk2rcmfc6p2dg9u9ohc3hw9/gradle-3.3/lib/plugins/plexus-sec-dispatcher-1.3.jar
7ff0480d6000-7ff0480d8000 r--s 00002000 08:11 710592                     /home/shenjack/.gradle/wrapper/dists/gradle-3.3-all/55gk2rcmfc6p2dg9u9ohc3hw9/gradle-3.3/lib/plugins/plexus-cipher-1.7.jar
7ff0480d8000-7ff0480da000 r--s 0000a000 08:11 710591                     /home/shenjack/.gradle/wrapper/dists/gradle-3.3-all/55gk2rcmfc6p2dg9u9ohc3hw9/gradle-3.3/lib/plugins/plexus-classworlds-2.4.jar
7ff0480da000-7ff0480e1000 r--s 0002e000 08:11 710590                     /home/shenjack/.gradle/wrapper/dists/gradle-3.3-all/55gk2rcmfc6p2dg9u9ohc3hw9/gradle-3.3/lib/plugins/plexus-container-default-1.5.5.jar
7ff0480e1000-7ff0480e3000 r--s 00000000 08:11 710617                     /home/shenjack/.gradle/wrapper/dists/gradle-3.3-all/55gk2rcmfc6p2dg9u9ohc3hw9/gradle-3.3/lib/plugins/plexus-component-annotations-1.5.5.jar
7ff0480e3000-7ff0480e5000 r--s 0000d000 08:11 710589                     /home/shenjack/.gradle/wrapper/dists/gradle-3.3-all/55gk2rcmfc6p2dg9u9ohc3hw9/gradle-3.3/lib/plugins/plexus-interpolation-1.14.jar
7ff0480e5000-7ff0480e9000 r--s 00033000 08:11 710588                     /home/shenjack/.gradle/wrapper/dists/gradle-3.3-all/55gk2rcmfc6p2dg9u9ohc3hw9/gradle-3.3/lib/plugins/plexus-utils-2.0.6.jar
7ff0480e9000-7ff0480ec000 r--s 00008000 08:11 710587                     /home/shenjack/.gradle/wrapper/dists/gradle-3.3-all/55gk2rcmfc6p2dg9u9ohc3hw9/gradle-3.3/lib/plugins/maven-settings-builder-3.0.4.jar
7ff0480ec000-7ff04812c000 r--s 00277000 08:11 710582                     /home/shenjack/.gradle/wrapper/dists/gradle-3.3-all/55gk2rcmfc6p2dg9u9ohc3hw9/gradle-3.3/lib/plugins/bcprov-jdk15on-1.51.jar
7ff04812c000-7ff048138000 r--s 0007d000 08:11 710559                     /home/shenjack/.gradle/wrapper/dists/gradle-3.3-all/55gk2rcmfc6p2dg9u9ohc3hw9/gradle-3.3/lib/plugins/maven-core-3.0.4.jar
7ff048138000-7ff048157000 r--s 000f6000 08:11 710548                     /home/shenjack/.gradle/wrapper/dists/gradle-3.3-all/55gk2rcmfc6p2dg9u9ohc3hw9/gradle-3.3/lib/plugins/gradle-dependency-management-3.3.jar
7ff048157000-7ff04816d000 r-xp 00000000 08:11 1447701                    /lib/x86_64-linux-gnu/libgcc_s.so.1
7ff04816d000-7ff04836c000 ---p 00016000 08:11 1447701                    /lib/x86_64-linux-gnu/libgcc_s.so.1
7ff04836c000-7ff04836d000 rw-p 00015000 08:11 1447701                    /lib/x86_64-linux-gnu/libgcc_s.so.1
7ff04836d000-7ff04836f000 r--s 0000a000 08:11 710586                     /home/shenjack/.gradle/wrapper/dists/gradle-3.3-all/55gk2rcmfc6p2dg9u9ohc3hw9/gradle-3.3/lib/plugins/maven-settings-3.0.4.jar
7ff04836f000-7ff048374000 r--s 00040000 08:11 710572                     /home/shenjack/.gradle/wrapper/dists/gradle-3.3-all/55gk2rcmfc6p2dg9u9ohc3hw9/gradle-3.3/lib/plugins/jsch-0.1.53.jar
7ff048374000-7ff048379000 r--s 00034000 08:11 710565                     /home/shenjack/.gradle/wrapper/dists/gradle-3.3-all/55gk2rcmfc6p2dg9u9ohc3hw9/gradle-3.3/lib/plugins/gson-2.7.jar
7ff048379000-7ff048388000 r--s 000d9000 08:11 710580                     /home/shenjack/.gradle/wrapper/dists/gradle-3.3-all/55gk2rcmfc6p2dg9u9ohc3hw9/gradle-3.3/lib/plugins/ivy-2.2.0.jar
7ff048388000-7ff04838d000 r-xp 00000000 08:11 712726                     /home/shenjack/.gradle/native/23/linux-amd64/libnative-platform.so
7ff04838d000-7ff04858c000 ---p 00005000 08:11 712726                     /home/shenjack/.gradle/native/23/linux-amd64/libnative-platform.so
7ff04858c000-7ff04858d000 rw-p 00004000 08:11 712726                     /home/shenjack/.gradle/native/23/linux-amd64/libnative-platform.so
7ff04858d000-7ff04859e000 r-xp 00000000 08:11 1049105                    /usr/local/android-studio/jre/jre/lib/amd64/libnio.so
7ff04859e000-7ff04879d000 ---p 00011000 08:11 1049105                    /usr/local/android-studio/jre/jre/lib/amd64/libnio.so
7ff04879d000-7ff04879e000 r--p 00010000 08:11 1049105                    /usr/local/android-studio/jre/jre/lib/amd64/libnio.so
7ff04879e000-7ff04879f000 rw-p 00011000 08:11 1049105                    /usr/local/android-studio/jre/jre/lib/amd64/libnio.so
7ff04879f000-7ff048aa0000 rw-p 00000000 00:00 0 
7ff048aa0000-7ff048ab7000 r-xp 00000000 08:11 1049104                    /usr/local/android-studio/jre/jre/lib/amd64/libnet.so
7ff048ab7000-7ff048cb6000 ---p 00017000 08:11 1049104                    /usr/local/android-studio/jre/jre/lib/amd64/libnet.so
7ff048cb6000-7ff048cb7000 r--p 00016000 08:11 1049104                    /usr/local/android-studio/jre/jre/lib/amd64/libnet.so
7ff048cb7000-7ff048cb8000 rw-p 00017000 08:11 1049104                    /usr/local/android-studio/jre/jre/lib/amd64/libnet.so
7ff048cb8000-7ff048cc5000 r--s 00041000 08:11 710458                     /home/shenjack/.gradle/wrapper/dists/gradle-3.3-all/55gk2rcmfc6p2dg9u9ohc3hw9/gradle-3.3/lib/gradle-tooling-api-3.3.jar
7ff048cc5000-7ff048cf9000 r--s 00256000 08:11 710447                     /home/shenjack/.gradle/wrapper/dists/gradle-3.3-all/55gk2rcmfc6p2dg9u9ohc3hw9/gradle-3.3/lib/kotlin-reflect-1.1-M02.jar
7ff048cf9000-7ff048e8f000 r--s 0157e000 08:11 710446                     /home/shenjack/.gradle/wrapper/dists/gradle-3.3-all/55gk2rcmfc6p2dg9u9ohc3hw9/gradle-3.3/lib/kotlin-compiler-embeddable-1.1-M02.jar
7ff048e8f000-7ff048eff000 r--s 00641000 08:11 710465                     /home/shenjack/.gradle/wrapper/dists/gradle-3.3-all/55gk2rcmfc6p2dg9u9ohc3hw9/gradle-3.3/lib/groovy-all-2.4.7.jar
7ff048eff000-7ff048f00000 ---p 00000000 00:00 0 
7ff048f00000-7ff04c000000 rw-p 00000000 00:00 0 
7ff04c000000-7ff04c031000 rw-p 00000000 00:00 0 
7ff04c031000-7ff050000000 ---p 00000000 00:00 0 
7ff050000000-7ff050004000 r--s 0001d000 08:11 710581                     /home/shenjack/.gradle/wrapper/dists/gradle-3.3-all/55gk2rcmfc6p2dg9u9ohc3hw9/gradle-3.3/lib/plugins/xbean-reflect-3.4.jar
7ff050004000-7ff050006000 r--s 00005000 08:11 710547                     /home/shenjack/.gradle/wrapper/dists/gradle-3.3-all/55gk2rcmfc6p2dg9u9ohc3hw9/gradle-3.3/lib/plugins/gradle-workers-3.3.jar
7ff050006000-7ff050007000 r--s 00006000 08:11 710451                     /home/shenjack/.gradle/wrapper/dists/gradle-3.3-all/55gk2rcmfc6p2dg9u9ohc3hw9/gradle-3.3/lib/gradle-wrapper-3.3.jar
7ff050007000-7ff050009000 r--s 00002000 08:11 710478                     /home/shenjack/.gradle/wrapper/dists/gradle-3.3-all/55gk2rcmfc6p2dg9u9ohc3hw9/gradle-3.3/lib/gradle-open-api-3.3.jar
7ff050009000-7ff05000f000 r--s 00032000 08:11 710480                     /home/shenjack/.gradle/wrapper/dists/gradle-3.3-all/55gk2rcmfc6p2dg9u9ohc3hw9/gradle-3.3/lib/jaxen-1.1.jar
7ff05000f000-7ff050014000 r--s 00048000 08:11 710479                     /home/shenjack/.gradle/wrapper/dists/gradle-3.3-all/55gk2rcmfc6p2dg9u9ohc3hw9/gradle-3.3/lib/dom4j-1.6.1.jar
7ff050014000-7ff05001f000 r--s 00059000 08:11 710457                     /home/shenjack/.gradle/wrapper/dists/gradle-3.3-all/55gk2rcmfc6p2dg9u9ohc3hw9/gradle-3.3/lib/gradle-ui-3.3.jar
7ff05001f000-7ff050028000 r--s 0008c000 08:11 710449                     /home/shenjack/.gradle/wrapper/dists/gradle-3.3-all/55gk2rcmfc6p2dg9u9ohc3hw9/gradle-3.3/lib/kotlin-stdlib-1.1-M02.jar
7ff050028000-7ff05002e000 r--s 0002a000 08:11 710448                     /home/shenjack/.gradle/wrapper/dists/gradle-3.3-all/55gk2rcmfc6p2dg9u9ohc3hw9/gradle-3.3/lib/kotlin-runtime-1.1-M02.jar
7ff05002e000-7ff050036000 r--s 0004e000 08:11 710445                     /home/shenjack/.gradle/wrapper/dists/gradle-3.3-all/55gk2rcmfc6p2dg9u9ohc3hw9/gradle-3.3/lib/gradle-script-kotlin-0.5.1.jar
7ff050036000-7ff050039000 r--s 0000b000 08:11 710476                     /home/shenjack/.gradle/wrapper/dists/gradle-3.3-all/55gk2rcmfc6p2dg9u9ohc3hw9/gradle-3.3/lib/gradle-resources-3.3.jar
7ff050039000-7ff05003b000 r--s 00003000 08:11 710485                     /home/shenjack/.gradle/wrapper/dists/gradle-3.3-all/55gk2rcmfc6p2dg9u9ohc3hw9/gradle-3.3/lib/jcl-over-slf4j-1.7.10.jar
7ff05003b000-7ff05003e000 ---p 00000000 00:00 0 
7ff05003e000-7ff05013c000 rw-p 00000000 00:00 0 
7ff05013c000-7ff05013f000 ---p 00000000 00:00 0 
7ff05013f000-7ff05023d000 rw-p 00000000 00:00 0 
7ff05023d000-7ff050240000 ---p 00000000 00:00 0 
7ff050240000-7ff05033e000 rw-p 00000000 00:00 0 
7ff05033e000-7ff050341000 ---p 00000000 00:00 0 
7ff050341000-7ff05043f000 rw-p 00000000 00:00 0 
7ff05043f000-7ff050442000 ---p 00000000 00:00 0 
7ff050442000-7ff050540000 rw-p 00000000 00:00 0 
7ff050540000-7ff050eff000 r--p 00000000 08:11 1705691                    /usr/lib/locale/locale-archive
7ff050eff000-7ff050f02000 ---p 00000000 00:00 0 
7ff050f02000-7ff051000000 rw-p 00000000 00:00 0 
7ff051000000-7ff052690000 rwxp 00000000 00:00 0 
7ff052690000-7ff060000000 ---p 00000000 00:00 0 
7ff060000000-7ff060cd6000 rw-p 00000000 00:00 0 
7ff060cd6000-7ff064000000 ---p 00000000 00:00 0 
7ff064000000-7ff064001000 r--s 00005000 08:11 710484                     /home/shenjack/.gradle/wrapper/dists/gradle-3.3-all/55gk2rcmfc6p2dg9u9ohc3hw9/gradle-3.3/lib/log4j-over-slf4j-1.7.10.jar
7ff064001000-7ff064003000 r--s 00000000 08:11 710483                     /home/shenjack/.gradle/wrapper/dists/gradle-3.3-all/55gk2rcmfc6p2dg9u9ohc3hw9/gradle-3.3/lib/jul-to-slf4j-1.7.10.jar
7ff064003000-7ff064008000 r--s 0001e000 08:11 710460                     /home/shenjack/.gradle/wrapper/dists/gradle-3.3-all/55gk2rcmfc6p2dg9u9ohc3hw9/gradle-3.3/lib/gradle-logging-3.3.jar
7ff064008000-7ff06400a000 r--s 00007000 08:11 710504                     /home/shenjack/.gradle/wrapper/dists/gradle-3.3-all/55gk2rcmfc6p2dg9u9ohc3hw9/gradle-3.3/lib/objenesis-1.2.jar
7ff06400a000-7ff06400c000 r--s 00000000 08:11 710503                     /home/shenjack/.gradle/wrapper/dists/gradle-3.3-all/55gk2rcmfc6p2dg9u9ohc3hw9/gradle-3.3/lib/minlog-1.2.jar
7ff06400c000-7ff06400e000 r--s 0000f000 08:11 710502                     /home/shenjack/.gradle/wrapper/dists/gradle-3.3-all/55gk2rcmfc6p2dg9u9ohc3hw9/gradle-3.3/lib/reflectasm-1.07-shaded.jar
7ff06400e000-7ff064012000 r--s 00026000 08:11 710487                     /home/shenjack/.gradle/wrapper/dists/gradle-3.3-all/55gk2rcmfc6p2dg9u9ohc3hw9/gradle-3.3/lib/kryo-2.20.jar
7ff064012000-7ff064018000 r--s 00027000 08:11 710475                     /home/shenjack/.gradle/wrapper/dists/gradle-3.3-all/55gk2rcmfc6p2dg9u9ohc3hw9/gradle-3.3/lib/gradle-messaging-3.3.jar
7ff064018000-7ff064019000 r--s 00001000 08:11 710501                     /home/shenjack/.gradle/wrapper/dists/gradle-3.3-all/55gk2rcmfc6p2dg9u9ohc3hw9/gradle-3.3/lib/native-platform-linux-i386-ncurses6-0.12.jar
7ff064019000-7ff06401a000 r--s 00001000 08:11 710500                     /home/shenjack/.gradle/wrapper/dists/gradle-3.3-all/55gk2rcmfc6p2dg9u9ohc3hw9/gradle-3.3/lib/native-platform-linux-i386-ncurses5-0.12.jar
7ff06401a000-7ff06401b000 r--s 00001000 08:11 710499                     /home/shenjack/.gradle/wrapper/dists/gradle-3.3-all/55gk2rcmfc6p2dg9u9ohc3hw9/gradle-3.3/lib/native-platform-linux-amd64-ncurses6-0.12.jar
7ff06401b000-7ff06401c000 r--s 00001000 08:11 710498                     /home/shenjack/.gradle/wrapper/dists/gradle-3.3-all/55gk2rcmfc6p2dg9u9ohc3hw9/gradle-3.3/lib/native-platform-linux-amd64-ncurses5-0.12.jar
7ff06401c000-7ff06401d000 r--s 0000b000 08:11 710497                     /home/shenjack/.gradle/wrapper/dists/gradle-3.3-all/55gk2rcmfc6p2dg9u9ohc3hw9/gradle-3.3/lib/native-platform-windows-i386-0.12.jar
7ff06401d000-7ff06401f000 r--s 0000b000 08:11 710496                     /home/shenjack/.gradle/wrapper/dists/gradle-3.3-all/55gk2rcmfc6p2dg9u9ohc3hw9/gradle-3.3/lib/native-platform-windows-amd64-0.12.jar
7ff06401f000-7ff064021000 r--s 00002000 08:11 710495                     /home/shenjack/.gradle/wrapper/dists/gradle-3.3-all/55gk2rcmfc6p2dg9u9ohc3hw9/gradle-3.3/lib/native-platform-osx-i386-0.12.jar
7ff064021000-7ff064022000 r--s 00002000 08:11 710494                     /home/shenjack/.gradle/wrapper/dists/gradle-3.3-all/55gk2rcmfc6p2dg9u9ohc3hw9/gradle-3.3/lib/native-platform-osx-amd64-0.12.jar
7ff064022000-7ff064023000 r--s 00002000 08:11 710493                     /home/shenjack/.gradle/wrapper/dists/gradle-3.3-all/55gk2rcmfc6p2dg9u9ohc3hw9/gradle-3.3/lib/native-platform-linux-i386-0.12.jar
7ff064023000-7ff064024000 r--s 00002000 08:11 710492                     /home/shenjack/.gradle/wrapper/dists/gradle-3.3-all/55gk2rcmfc6p2dg9u9ohc3hw9/gradle-3.3/lib/native-platform-linux-amd64-0.12.jar
7ff064024000-7ff064025000 r--s 00003000 08:11 710491                     /home/shenjack/.gradle/wrapper/dists/gradle-3.3-all/55gk2rcmfc6p2dg9u9ohc3hw9/gradle-3.3/lib/native-platform-freebsd-i386-libstdcpp-0.12.jar
7ff064025000-7ff064026000 r--s 00004000 08:11 710490                     /home/shenjack/.gradle/wrapper/dists/gradle-3.3-all/55gk2rcmfc6p2dg9u9ohc3hw9/gradle-3.3/lib/native-platform-freebsd-i386-libcpp-0.12.jar
7ff064026000-7ff064028000 r--s 00003000 08:11 710489                     /home/shenjack/.gradle/wrapper/dists/gradle-3.3-all/55gk2rcmfc6p2dg9u9ohc3hw9/gradle-3.3/lib/native-platform-freebsd-amd64-libstdcpp-0.12.jar
7ff064028000-7ff064029000 r--s 00004000 08:11 710488                     /home/shenjack/.gradle/wrapper/dists/gradle-3.3-all/55gk2rcmfc6p2dg9u9ohc3hw9/gradle-3.3/lib/native-platform-freebsd-amd64-libcpp-0.12.jar
7ff064029000-7ff06402c000 r--s 00023000 08:11 710482                     /home/shenjack/.gradle/wrapper/dists/gradle-3.3-all/55gk2rcmfc6p2dg9u9ohc3hw9/gradle-3.3/lib/jansi-1.14.jar
7ff06402c000-7ff064030000 r--s 00011000 08:11 710481                     /home/shenjack/.gradle/wrapper/dists/gradle-3.3-all/55gk2rcmfc6p2dg9u9ohc3hw9/gradle-3.3/lib/native-platform-0.12.jar
7ff064030000-7ff064033000 r--s 0000a000 08:11 710459                     /home/shenjack/.gradle/wrapper/dists/gradle-3.3-all/55gk2rcmfc6p2dg9u9ohc3hw9/gradle-3.3/lib/gradle-native-3.3.jar
7ff064033000-7ff064035000 r--s 00005000 08:11 710456                     /home/shenjack/.gradle/wrapper/dists/gradle-3.3-all/55gk2rcmfc6p2dg9u9ohc3hw9/gradle-3.3/lib/gradle-cli-3.3.jar
7ff064035000-7ff064037000 r--s 00007000 08:11 710467                     /home/shenjack/.gradle/wrapper/dists/gradle-3.3-all/55gk2rcmfc6p2dg9u9ohc3hw9/gradle-3.3/lib/gradle-model-groovy-3.3.jar
7ff064037000-7ff064039000 r--s 00006000 08:11 710474                     /home/shenjack/.gradle/wrapper/dists/gradle-3.3-all/55gk2rcmfc6p2dg9u9ohc3hw9/gradle-3.3/lib/gradle-base-services-groovy-3.3.jar
7ff064039000-7ff064048000 r--s 0007f000 08:11 710466                     /home/shenjack/.gradle/wrapper/dists/gradle-3.3-all/55gk2rcmfc6p2dg9u9ohc3hw9/gradle-3.3/lib/gradle-model-core-3.3.jar
7ff064048000-7ff064049000 r--s 00002000 08:11 710477                     /home/shenjack/.gradle/wrapper/dists/gradle-3.3-all/55gk2rcmfc6p2dg9u9ohc3hw9/gradle-3.3/lib/gradle-docs-3.3.jar
7ff064049000-7ff064056000 r--s 00083000 08:11 710470                     /home/shenjack/.gradle/wrapper/dists/gradle-3.3-all/55gk2rcmfc6p2dg9u9ohc3hw9/gradle-3.3/lib/commons-collections-3.2.2.jar
7ff064056000-7ff06407e000 r--s 001cf000 08:11 710462                     /home/shenjack/.gradle/wrapper/dists/gradle-3.3-all/55gk2rcmfc6p2dg9u9ohc3hw9/gradle-3.3/lib/guava-jdk5-17.0.jar
7ff06407e000-7ff06409d000 r--s 001d1000 08:11 710469                     /home/shenjack/.gradle/wrapper/dists/gradle-3.3-all/55gk2rcmfc6p2dg9u9ohc3hw9/gradle-3.3/lib/ant-1.9.6.jar
7ff06409d000-7ff0640da000 r--s 001f8000 08:11 710455                     /home/shenjack/.gradle/wrapper/dists/gradle-3.3-all/55gk2rcmfc6p2dg9u9ohc3hw9/gradle-3.3/lib/gradle-core-3.3.jar
7ff0640da000-7ff0640dd000 ---p 00000000 00:00 0 
7ff0640dd000-7ff0641db000 rw-p 00000000 00:00 0 
7ff0641db000-7ff0641dc000 ---p 00000000 00:00 0 
7ff0641dc000-7ff0652bd000 rw-p 00000000 00:00 0 
7ff0652bd000-7ff06548c000 r--s 03c1b000 08:11 1049072                    /usr/local/android-studio/jre/jre/lib/rt.jar
7ff06548c000-7ff066002000 rw-p 00000000 00:00 0 
7ff066002000-7ff066003000 ---p 00000000 00:00 0 
7ff066003000-7ff066103000 rw-p 00000000 00:00 0 
7ff066103000-7ff066104000 ---p 00000000 00:00 0 
7ff066104000-7ff066204000 rw-p 00000000 00:00 0 
7ff066204000-7ff066205000 ---p 00000000 00:00 0 
7ff066205000-7ff066305000 rw-p 00000000 00:00 0 
7ff066305000-7ff066306000 ---p 00000000 00:00 0 
7ff066306000-7ff06643b000 rw-p 00000000 00:00 0 
7ff06643b000-7ff066606000 ---p 00000000 00:00 0 
7ff066606000-7ff06663b000 rw-p 00000000 00:00 0 
7ff06663b000-7ff066806000 ---p 00000000 00:00 0 
7ff066806000-7ff06686d000 rw-p 00000000 00:00 0 
7ff06686d000-7ff066906000 ---p 00000000 00:00 0 
7ff066906000-7ff066962000 rw-p 00000000 00:00 0 
7ff066962000-7ff066cc7000 ---p 00000000 00:00 0 
7ff066cc7000-7ff066ce1000 r-xp 00000000 08:11 1049089                    /usr/local/android-studio/jre/jre/lib/amd64/libzip.so
7ff066ce1000-7ff066ee1000 ---p 0001a000 08:11 1049089                    /usr/local/android-studio/jre/jre/lib/amd64/libzip.so
7ff066ee1000-7ff066ee2000 r--p 0001a000 08:11 1049089                    /usr/local/android-studio/jre/jre/lib/amd64/libzip.so
7ff066ee2000-7ff066ee3000 rw-p 0001b000 08:11 1049089                    /usr/local/android-studio/jre/jre/lib/amd64/libzip.so
7ff066ee3000-7ff066eee000 r-xp 00000000 08:11 1447762                    /lib/x86_64-linux-gnu/libnss_files-2.23.so
7ff066eee000-7ff0670ed000 ---p 0000b000 08:11 1447762                    /lib/x86_64-linux-gnu/libnss_files-2.23.so
7ff0670ed000-7ff0670ee000 r--p 0000a000 08:11 1447762                    /lib/x86_64-linux-gnu/libnss_files-2.23.so
7ff0670ee000-7ff0670ef000 rw-p 0000b000 08:11 1447762                    /lib/x86_64-linux-gnu/libnss_files-2.23.so
7ff0670ef000-7ff0670f5000 rw-p 00000000 00:00 0 
7ff0670f5000-7ff067100000 r-xp 00000000 08:11 1447772                    /lib/x86_64-linux-gnu/libnss_nis-2.23.so
7ff067100000-7ff0672ff000 ---p 0000b000 08:11 1447772                    /lib/x86_64-linux-gnu/libnss_nis-2.23.so
7ff0672ff000-7ff067300000 r--p 0000a000 08:11 1447772                    /lib/x86_64-linux-gnu/libnss_nis-2.23.so
7ff067300000-7ff067301000 rw-p 0000b000 08:11 1447772                    /lib/x86_64-linux-gnu/libnss_nis-2.23.so
7ff067301000-7ff067317000 r-xp 00000000 08:11 1447756                    /lib/x86_64-linux-gnu/libnsl-2.23.so
7ff067317000-7ff067516000 ---p 00016000 08:11 1447756                    /lib/x86_64-linux-gnu/libnsl-2.23.so
7ff067516000-7ff067517000 r--p 00015000 08:11 1447756                    /lib/x86_64-linux-gnu/libnsl-2.23.so
7ff067517000-7ff067518000 rw-p 00016000 08:11 1447756                    /lib/x86_64-linux-gnu/libnsl-2.23.so
7ff067518000-7ff06751a000 rw-p 00000000 00:00 0 
7ff06751a000-7ff067522000 r-xp 00000000 08:11 1447758                    /lib/x86_64-linux-gnu/libnss_compat-2.23.so
7ff067522000-7ff067721000 ---p 00008000 08:11 1447758                    /lib/x86_64-linux-gnu/libnss_compat-2.23.so
7ff067721000-7ff067722000 r--p 00007000 08:11 1447758                    /lib/x86_64-linux-gnu/libnss_compat-2.23.so
7ff067722000-7ff067723000 rw-p 00008000 08:11 1447758                    /lib/x86_64-linux-gnu/libnss_compat-2.23.so
7ff067723000-7ff067750000 r-xp 00000000 08:11 1049107                    /usr/local/android-studio/jre/jre/lib/amd64/libjava.so
7ff067750000-7ff06794f000 ---p 0002d000 08:11 1049107                    /usr/local/android-studio/jre/jre/lib/amd64/libjava.so
7ff06794f000-7ff067950000 r--p 0002c000 08:11 1049107                    /usr/local/android-studio/jre/jre/lib/amd64/libjava.so
7ff067950000-7ff067952000 rw-p 0002d000 08:11 1049107                    /usr/local/android-studio/jre/jre/lib/amd64/libjava.so
7ff067952000-7ff067962000 r-xp 00000000 08:11 1049078                    /usr/local/android-studio/jre/jre/lib/amd64/libverify.so
7ff067962000-7ff067b61000 ---p 00010000 08:11 1049078                    /usr/local/android-studio/jre/jre/lib/amd64/libverify.so
7ff067b61000-7ff067b63000 r--p 0000f000 08:11 1049078                    /usr/local/android-studio/jre/jre/lib/amd64/libverify.so
7ff067b63000-7ff067b64000 rw-p 00011000 08:11 1049078                    /usr/local/android-studio/jre/jre/lib/amd64/libverify.so
7ff067b64000-7ff067b6b000 r-xp 00000000 08:11 1447817                    /lib/x86_64-linux-gnu/librt-2.23.so
7ff067b6b000-7ff067d6a000 ---p 00007000 08:11 1447817                    /lib/x86_64-linux-gnu/librt-2.23.so
7ff067d6a000-7ff067d6b000 r--p 00006000 08:11 1447817                    /lib/x86_64-linux-gnu/librt-2.23.so
7ff067d6b000-7ff067d6c000 rw-p 00007000 08:11 1447817                    /lib/x86_64-linux-gnu/librt-2.23.so
7ff067d6c000-7ff067e74000 r-xp 00000000 08:11 1447733                    /lib/x86_64-linux-gnu/libm-2.23.so
7ff067e74000-7ff068073000 ---p 00108000 08:11 1447733                    /lib/x86_64-linux-gnu/libm-2.23.so
7ff068073000-7ff068074000 r--p 00107000 08:11 1447733                    /lib/x86_64-linux-gnu/libm-2.23.so
7ff068074000-7ff068075000 rw-p 00108000 08:11 1447733                    /lib/x86_64-linux-gnu/libm-2.23.so
7ff068075000-7ff068c66000 r-xp 00000000 08:11 1049087                    /usr/local/android-studio/jre/jre/lib/amd64/server/libjvm.so
7ff068c66000-7ff068e66000 ---p 00bf1000 08:11 1049087                    /usr/local/android-studio/jre/jre/lib/amd64/server/libjvm.so
7ff068e66000-7ff068f05000 r--p 00bf1000 08:11 1049087                    /usr/local/android-studio/jre/jre/lib/amd64/server/libjvm.so
7ff068f05000-7ff068f2e000 rw-p 00c90000 08:11 1049087                    /usr/local/android-studio/jre/jre/lib/amd64/server/libjvm.so
7ff068f2e000-7ff068f72000 rw-p 00000000 00:00 0 
7ff068f72000-7ff068f8a000 r-xp 00000000 08:11 1447809                    /lib/x86_64-linux-gnu/libpthread-2.23.so
7ff068f8a000-7ff069189000 ---p 00018000 08:11 1447809                    /lib/x86_64-linux-gnu/libpthread-2.23.so
7ff069189000-7ff06918a000 r--p 00017000 08:11 1447809                    /lib/x86_64-linux-gnu/libpthread-2.23.so
7ff06918a000-7ff06918b000 rw-p 00018000 08:11 1447809                    /lib/x86_64-linux-gnu/libpthread-2.23.so
7ff06918b000-7ff06918f000 rw-p 00000000 00:00 0 
7ff06918f000-7ff069192000 r-xp 00000000 08:11 1447687                    /lib/x86_64-linux-gnu/libdl-2.23.so
7ff069192000-7ff069391000 ---p 00003000 08:11 1447687                    /lib/x86_64-linux-gnu/libdl-2.23.so
7ff069391000-7ff069392000 r--p 00002000 08:11 1447687                    /lib/x86_64-linux-gnu/libdl-2.23.so
7ff069392000-7ff069393000 rw-p 00003000 08:11 1447687                    /lib/x86_64-linux-gnu/libdl-2.23.so
7ff069393000-7ff069552000 r-xp 00000000 08:11 1447663                    /lib/x86_64-linux-gnu/libc-2.23.so
7ff069552000-7ff069752000 ---p 001bf000 08:11 1447663                    /lib/x86_64-linux-gnu/libc-2.23.so
7ff069752000-7ff069756000 r--p 001bf000 08:11 1447663                    /lib/x86_64-linux-gnu/libc-2.23.so
7ff069756000-7ff069758000 rw-p 001c3000 08:11 1447663                    /lib/x86_64-linux-gnu/libc-2.23.so
7ff069758000-7ff06975c000 rw-p 00000000 00:00 0 
7ff06975c000-7ff069772000 r-xp 00000000 08:11 1049029                    /usr/local/android-studio/jre/lib/amd64/jli/libjli.so
7ff069772000-7ff069971000 ---p 00016000 08:11 1049029                    /usr/local/android-studio/jre/lib/amd64/jli/libjli.so
7ff069971000-7ff069972000 r--p 00015000 08:11 1049029                    /usr/local/android-studio/jre/lib/amd64/jli/libjli.so
7ff069972000-7ff069973000 rw-p 00016000 08:11 1049029                    /usr/local/android-studio/jre/lib/amd64/jli/libjli.so
7ff069973000-7ff069999000 r-xp 00000000 08:11 1447635                    /lib/x86_64-linux-gnu/ld-2.23.so
7ff069999000-7ff06999a000 r--s 00000000 08:11 710473                     /home/shenjack/.gradle/wrapper/dists/gradle-3.3-all/55gk2rcmfc6p2dg9u9ohc3hw9/gradle-3.3/lib/javax.inject-1.jar
7ff06999a000-7ff06999b000 r--s 00000000 08:11 710472                     /home/shenjack/.gradle/wrapper/dists/gradle-3.3-all/55gk2rcmfc6p2dg9u9ohc3hw9/gradle-3.3/lib/jcip-annotations-1.0.jar
7ff06999b000-7ff06999f000 r--s 00027000 08:11 710471                     /home/shenjack/.gradle/wrapper/dists/gradle-3.3-all/55gk2rcmfc6p2dg9u9ohc3hw9/gradle-3.3/lib/commons-io-2.2.jar
7ff06999f000-7ff0699a4000 r--s 00038000 08:11 710468                     /home/shenjack/.gradle/wrapper/dists/gradle-3.3-all/55gk2rcmfc6p2dg9u9ohc3hw9/gradle-3.3/lib/asm-all-5.1.jar
7ff0699a4000-7ff0699a6000 r--s 00000000 08:11 710454                     /home/shenjack/.gradle/wrapper/dists/gradle-3.3-all/55gk2rcmfc6p2dg9u9ohc3hw9/gradle-3.3/lib/gradle-jvm-services-3.3.jar
7ff0699a6000-7ff0699ab000 r--s 00041000 08:11 710463                     /home/shenjack/.gradle/wrapper/dists/gradle-3.3-all/55gk2rcmfc6p2dg9u9ohc3hw9/gradle-3.3/lib/commons-lang-2.6.jar
7ff0699ab000-7ff0699b4000 r--s 00042000 08:11 710453                     /home/shenjack/.gradle/wrapper/dists/gradle-3.3-all/55gk2rcmfc6p2dg9u9ohc3hw9/gradle-3.3/lib/gradle-base-services-3.3.jar
7ff0699b4000-7ff069a76000 rw-p 00000000 00:00 0 
7ff069a76000-7ff069a79000 ---p 00000000 00:00 0 
7ff069a79000-7ff069b7b000 rw-p 00000000 00:00 0 
7ff069b7b000-7ff069b7c000 r--s 00001000 08:11 710464                     /home/shenjack/.gradle/wrapper/dists/gradle-3.3-all/55gk2rcmfc6p2dg9u9ohc3hw9/gradle-3.3/lib/gradle-process-services-3.3.jar
7ff069b7c000-7ff069b7d000 r--s 00000000 08:11 710619                     /home/shenjack/.gradle/wrapper/dists/gradle-3.3-all/55gk2rcmfc6p2dg9u9ohc3hw9/gradle-3.3/lib/gradle-version-info-3.3.jar
7ff069b7d000-7ff069b7e000 r--s 00007000 08:11 710461                     /home/shenjack/.gradle/wrapper/dists/gradle-3.3-all/55gk2rcmfc6p2dg9u9ohc3hw9/gradle-3.3/lib/slf4j-api-1.7.10.jar
7ff069b7e000-7ff069b7f000 r--s 00004000 08:11 710486                     /home/shenjack/.gradle/wrapper/dists/gradle-3.3-all/55gk2rcmfc6p2dg9u9ohc3hw9/gradle-3.3/lib/ant-launcher-1.9.6.jar
7ff069b7f000-7ff069b8c000 r--s 0005c000 08:11 710450                     /home/shenjack/.gradle/wrapper/dists/gradle-3.3-all/55gk2rcmfc6p2dg9u9ohc3hw9/gradle-3.3/lib/gradle-launcher-3.3.jar
7ff069b8c000-7ff069b94000 rw-s 00000000 08:11 934308                     /tmp/hsperfdata_shenjack/23774
7ff069b94000-7ff069b95000 rw-p 00000000 00:00 0 
7ff069b95000-7ff069b96000 ---p 00000000 00:00 0 
7ff069b96000-7ff069b98000 rw-p 00000000 00:00 0 
7ff069b98000-7ff069b99000 r--p 00025000 08:11 1447635                    /lib/x86_64-linux-gnu/ld-2.23.so
7ff069b99000-7ff069b9a000 rw-p 00026000 08:11 1447635                    /lib/x86_64-linux-gnu/ld-2.23.so
7ff069b9a000-7ff069b9b000 rw-p 00000000 00:00 0 
7ffebcd45000-7ffebcd66000 rw-p 00000000 00:00 0                          [stack]
7ffebcd88000-7ffebcd8a000 r--p 00000000 00:00 0                          [vvar]
7ffebcd8a000-7ffebcd8c000 r-xp 00000000 00:00 0                          [vdso]
ffffffffff600000-ffffffffff601000 r-xp 00000000 00:00 0                  [vsyscall]

VM Arguments:
jvm_args: -Xmx1536m -Dfile.encoding=UTF-8 -Duser.country=US -Duser.language=en -Duser.variant 
java_command: org.gradle.launcher.daemon.bootstrap.GradleDaemon 3.3
java_class_path (initial): /home/shenjack/.gradle/wrapper/dists/gradle-3.3-all/55gk2rcmfc6p2dg9u9ohc3hw9/gradle-3.3/lib/gradle-launcher-3.3.jar
Launcher Type: SUN_STANDARD

Environment Variables:
PATH=/home/shenjack/bin:/home/shenjack/.local/bin:/usr/local/sbin:/usr/local/bin:/usr/sbin:/usr/bin:/sbin:/bin:/usr/games:/usr/local/games:/snap/bin
LD_LIBRARY_PATH=/usr/local/android-studio/bin:
SHELL=/bin/bash
DISPLAY=:0

Signal Handlers:
SIGSEGV: [libjvm.so+0x9e5150], sa_mask[0]=11111111011111111101111111111110, sa_flags=SA_RESTART|SA_SIGINFO
SIGBUS: [libjvm.so+0x9e5150], sa_mask[0]=11111111011111111101111111111110, sa_flags=SA_RESTART|SA_SIGINFO
SIGFPE: [libjvm.so+0x848450], sa_mask[0]=11111111011111111101111111111110, sa_flags=SA_RESTART|SA_SIGINFO
SIGPIPE: [libjvm.so+0x848450], sa_mask[0]=11111111011111111101111111111110, sa_flags=SA_RESTART|SA_SIGINFO
SIGXFSZ: [libjvm.so+0x848450], sa_mask[0]=11111111011111111101111111111110, sa_flags=SA_RESTART|SA_SIGINFO
SIGILL: [libjvm.so+0x848450], sa_mask[0]=11111111011111111101111111111110, sa_flags=SA_RESTART|SA_SIGINFO
SIGUSR1: SIG_DFL, sa_mask[0]=00000000000000000000000000000000, sa_flags=none
SIGUSR2: [libjvm.so+0x848320], sa_mask[0]=00100000000000000000000000000000, sa_flags=SA_RESTART|SA_SIGINFO
SIGHUP: [libjvm.so+0x848510], sa_mask[0]=11111111011111111101111111111110, sa_flags=SA_RESTART|SA_SIGINFO
SIGINT: [libjvm.so+0x848510], sa_mask[0]=11111111011111111101111111111110, sa_flags=SA_RESTART|SA_SIGINFO
SIGTERM: [libjvm.so+0x848510], sa_mask[0]=11111111011111111101111111111110, sa_flags=SA_RESTART|SA_SIGINFO
SIGQUIT: [libjvm.so+0x848510], sa_mask[0]=11111111011111111101111111111110, sa_flags=SA_RESTART|SA_SIGINFO


---------------  S Y S T E M  ---------------

OS:DISTRIB_ID=Ubuntu
DISTRIB_RELEASE=16.04
DISTRIB_CODENAME=xenial
DISTRIB_DESCRIPTION="Ubuntu 16.04.2 LTS"

uname:Linux 4.8.0-36-generic #36~16.04.1-Ubuntu SMP Sun Feb 5 09:39:57 UTC 2017 x86_64
libc:glibc 2.23 NPTL 2.23 
rlimit: STACK 8192k, CORE 0k, NPROC 31401, NOFILE 65536, AS infinity
load average:3.76 4.09 2.63

/proc/meminfo:
MemTotal:        8081308 kB
MemFree:          121568 kB
MemAvailable:      19112 kB
Buffers:             676 kB
Cached:          1037724 kB
SwapCached:            0 kB
Active:          6738496 kB
Inactive:        1025456 kB
Active(anon):    6727512 kB
Inactive(anon):  1008776 kB
Active(file):      10984 kB
Inactive(file):    16680 kB
Unevictable:          32 kB
Mlocked:              32 kB
SwapTotal:             0 kB
SwapFree:              0 kB
Dirty:              1380 kB
Writeback:             0 kB
AnonPages:       6725844 kB
Mapped:           389700 kB
Shmem:           1010488 kB
Slab:              79248 kB
SReclaimable:      37012 kB
SUnreclaim:        42236 kB
KernelStack:       12016 kB
PageTables:        51328 kB
NFS_Unstable:          0 kB
Bounce:                0 kB
WritebackTmp:          0 kB
CommitLimit:     4040652 kB
Committed_AS:   12526880 kB
VmallocTotal:   34359738367 kB
VmallocUsed:           0 kB
VmallocChunk:          0 kB
HardwareCorrupted:     0 kB
AnonHugePages:   3807232 kB
ShmemHugePages:        0 kB
ShmemPmdMapped:        0 kB
CmaTotal:              0 kB
CmaFree:               0 kB
HugePages_Total:       0
HugePages_Free:        0
HugePages_Rsvd:        0
HugePages_Surp:        0
Hugepagesize:       2048 kB
DirectMap4k:      107308 kB
DirectMap2M:     3993600 kB
DirectMap1G:     5242880 kB


CPU:total 4 (2 cores per cpu, 2 threads per core) family 6 model 60 stepping 3, cmov, cx8, fxsr, mmx, sse, sse2, sse3, ssse3, sse4.1, sse4.2, popcnt, avx, avx2, aes, clmul, erms, lzcnt, ht, tsc, tscinvbit, bmi1, bmi2

/proc/cpuinfo:
processor	: 0
vendor_id	: GenuineIntel
cpu family	: 6
model		: 60
model name	: Intel(R) Core(TM) i3-4130 CPU @ 3.40GHz
stepping	: 3
microcode	: 0x12
cpu MHz		: 3321.350
cache size	: 3072 KB
physical id	: 0
siblings	: 4
core id		: 0
cpu cores	: 2
apicid		: 0
initial apicid	: 0
fpu		: yes
fpu_exception	: yes
cpuid level	: 13
wp		: yes
flags		: fpu vme de pse tsc msr pae mce cx8 apic sep mtrr pge mca cmov pat pse36 clflush dts acpi mmx fxsr sse sse2 ss ht tm pbe syscall nx pdpe1gb rdtscp lm constant_tsc arch_perfmon pebs bts rep_good nopl xtopology nonstop_tsc aperfmperf eagerfpu pni pclmulqdq dtes64 monitor ds_cpl vmx est tm2 ssse3 sdbg fma cx16 xtpr pdcm pcid sse4_1 sse4_2 movbe popcnt tsc_deadline_timer aes xsave avx f16c rdrand lahf_lm abm epb tpr_shadow vnmi flexpriority ept vpid fsgsbase tsc_adjust bmi1 avx2 smep bmi2 erms invpcid xsaveopt dtherm arat pln pts
bugs		:
bogomips	: 6784.65
clflush size	: 64
cache_alignment	: 64
address sizes	: 39 bits physical, 48 bits virtual
power management:

processor	: 1
vendor_id	: GenuineIntel
cpu family	: 6
model		: 60
model name	: Intel(R) Core(TM) i3-4130 CPU @ 3.40GHz
stepping	: 3
microcode	: 0x12
cpu MHz		: 3400.000
cache size	: 3072 KB
physical id	: 0
siblings	: 4
core id		: 1
cpu cores	: 2
apicid		: 2
initial apicid	: 2
fpu		: yes
fpu_exception	: yes
cpuid level	: 13
wp		: yes
flags		: fpu vme de pse tsc msr pae mce cx8 apic sep mtrr pge mca cmov pat pse36 clflush dts acpi mmx fxsr sse sse2 ss ht tm pbe syscall nx pdpe1gb rdtscp lm constant_tsc arch_perfmon pebs bts rep_good nopl xtopology nonstop_tsc aperfmperf eagerfpu pni pclmulqdq dtes64 monitor ds_cpl vmx est tm2 ssse3 sdbg fma cx16 xtpr pdcm pcid sse4_1 sse4_2 movbe popcnt tsc_deadline_timer aes xsave avx f16c rdrand lahf_lm abm epb tpr_shadow vnmi flexpriority ept vpid fsgsbase tsc_adjust bmi1 avx2 smep bmi2 erms invpcid xsaveopt dtherm arat pln pts
bugs		:
bogomips	: 6784.65
clflush size	: 64
cache_alignment	: 64
address sizes	: 39 bits physical, 48 bits virtual
power management:

processor	: 2
vendor_id	: GenuineIntel
cpu family	: 6
model		: 60
model name	: Intel(R) Core(TM) i3-4130 CPU @ 3.40GHz
stepping	: 3
microcode	: 0x12
cpu MHz		: 3400.000
cache size	: 3072 KB
physical id	: 0
siblings	: 4
core id		: 0
cpu cores	: 2
apicid		: 1
initial apicid	: 1
fpu		: yes
fpu_exception	: yes
cpuid level	: 13
wp		: yes
flags		: fpu vme de pse tsc msr pae mce cx8 apic sep mtrr pge mca cmov pat pse36 clflush dts acpi mmx fxsr sse sse2 ss ht tm pbe syscall nx pdpe1gb rdtscp lm constant_tsc arch_perfmon pebs bts rep_good nopl xtopology nonstop_tsc aperfmperf eagerfpu pni pclmulqdq dtes64 monitor ds_cpl vmx est tm2 ssse3 sdbg fma cx16 xtpr pdcm pcid sse4_1 sse4_2 movbe popcnt tsc_deadline_timer aes xsave avx f16c rdrand lahf_lm abm epb tpr_shadow vnmi flexpriority ept vpid fsgsbase tsc_adjust bmi1 avx2 smep bmi2 erms invpcid xsaveopt dtherm arat pln pts
bugs		:
bogomips	: 6784.65
clflush size	: 64
cache_alignment	: 64
address sizes	: 39 bits physical, 48 bits virtual
power management:

processor	: 3
vendor_id	: GenuineIntel
cpu family	: 6
model		: 60
model name	: Intel(R) Core(TM) i3-4130 CPU @ 3.40GHz
stepping	: 3
microcode	: 0x12
cpu MHz		: 3210.949
cache size	: 3072 KB
physical id	: 0
siblings	: 4
core id		: 1
cpu cores	: 2
apicid		: 3
initial apicid	: 3
fpu		: yes
fpu_exception	: yes
cpuid level	: 13
wp		: yes
flags		: fpu vme de pse tsc msr pae mce cx8 apic sep mtrr pge mca cmov pat pse36 clflush dts acpi mmx fxsr sse sse2 ss ht tm pbe syscall nx pdpe1gb rdtscp lm constant_tsc arch_perfmon pebs bts rep_good nopl xtopology nonstop_tsc aperfmperf eagerfpu pni pclmulqdq dtes64 monitor ds_cpl vmx est tm2 ssse3 sdbg fma cx16 xtpr pdcm pcid sse4_1 sse4_2 movbe popcnt tsc_deadline_timer aes xsave avx f16c rdrand lahf_lm abm epb tpr_shadow vnmi flexpriority ept vpid fsgsbase tsc_adjust bmi1 avx2 smep bmi2 erms invpcid xsaveopt dtherm arat pln pts
bugs		:
bogomips	: 6784.65
clflush size	: 64
cache_alignment	: 64
address sizes	: 39 bits physical, 48 bits virtual
power management:



Memory: 4k page, physical 8081308k(121568k free), swap 0k(0k free)

vm_info: OpenJDK 64-Bit Server VM (25.112-b06) for linux-amd64 JRE (1.8.0_112-release-b06), built on Dec  6 2016 12:11:18 by "builder" with gcc 4.8.4

time: Sun Mar 19 18:48:33 2017
elapsed time: 18 seconds (0d 0h 0m 18s)

